{"D:\\SDP\\sdp-project-2024\\server.js":{"path":"D:\\SDP\\sdp-project-2024\\server.js","statementMap":{"0":{"start":{"line":1,"column":16},"end":{"line":1,"column":34}},"1":{"start":{"line":2,"column":13},"end":{"line":2,"column":28}},"2":{"start":{"line":3,"column":14},"end":{"line":3,"column":31}},"3":{"start":{"line":4,"column":11},"end":{"line":4,"column":24}},"4":{"start":{"line":5,"column":12},"end":{"line":5,"column":35}},"5":{"start":{"line":6,"column":19},"end":{"line":6,"column":41}},"6":{"start":{"line":7,"column":16},"end":{"line":7,"column":42}},"7":{"start":{"line":8,"column":17},"end":{"line":8,"column":36}},"8":{"start":{"line":9,"column":13},"end":{"line":9,"column":28}},"9":{"start":{"line":10,"column":15},"end":{"line":10,"column":34}},"10":{"start":{"line":11,"column":23},"end":{"line":11,"column":66}},"11":{"start":{"line":12,"column":20},"end":{"line":12,"column":42}},"12":{"start":{"line":13,"column":13},"end":{"line":13,"column":28}},"13":{"start":{"line":14,"column":0},"end":{"line":14,"column":27}},"14":{"start":{"line":15,"column":12},"end":{"line":15,"column":28}},"15":{"start":{"line":18,"column":12},"end":{"line":18,"column":21}},"16":{"start":{"line":19,"column":15},"end":{"line":19,"column":37}},"17":{"start":{"line":20,"column":11},"end":{"line":25,"column":2}},"18":{"start":{"line":27,"column":0},"end":{"line":27,"column":23}},"19":{"start":{"line":30,"column":22},"end":{"line":30,"column":94}},"20":{"start":{"line":31,"column":0},"end":{"line":31,"column":24}},"21":{"start":{"line":32,"column":0},"end":{"line":32,"column":16}},"22":{"start":{"line":44,"column":19},"end":{"line":57,"column":2}},"23":{"start":{"line":60,"column":0},"end":{"line":66,"column":3}},"24":{"start":{"line":61,"column":2},"end":{"line":64,"column":3}},"25":{"start":{"line":62,"column":4},"end":{"line":62,"column":66}},"26":{"start":{"line":63,"column":4},"end":{"line":63,"column":11}},"27":{"start":{"line":65,"column":2},"end":{"line":65,"column":72}},"28":{"start":{"line":69,"column":0},"end":{"line":69,"column":31}},"29":{"start":{"line":72,"column":0},"end":{"line":78,"column":2}},"30":{"start":{"line":81,"column":0},"end":{"line":81,"column":31}},"31":{"start":{"line":82,"column":0},"end":{"line":82,"column":28}},"32":{"start":{"line":85,"column":0},"end":{"line":132,"column":2}},"33":{"start":{"line":96,"column":6},"end":{"line":129,"column":8}},"34":{"start":{"line":100,"column":10},"end":{"line":102,"column":11}},"35":{"start":{"line":101,"column":12},"end":{"line":101,"column":29}},"36":{"start":{"line":104,"column":10},"end":{"line":127,"column":11}},"37":{"start":{"line":106,"column":12},"end":{"line":106,"column":42}},"38":{"start":{"line":109,"column":28},"end":{"line":113,"column":13}},"39":{"start":{"line":116,"column":12},"end":{"line":126,"column":14}},"40":{"start":{"line":120,"column":16},"end":{"line":122,"column":17}},"41":{"start":{"line":121,"column":18},"end":{"line":121,"column":35}},"42":{"start":{"line":123,"column":16},"end":{"line":123,"column":45}},"43":{"start":{"line":124,"column":16},"end":{"line":124,"column":43}},"44":{"start":{"line":135,"column":0},"end":{"line":137,"column":3}},"45":{"start":{"line":136,"column":2},"end":{"line":136,"column":22}},"46":{"start":{"line":140,"column":0},"end":{"line":145,"column":3}},"47":{"start":{"line":141,"column":2},"end":{"line":144,"column":5}},"48":{"start":{"line":142,"column":4},"end":{"line":142,"column":30}},"49":{"start":{"line":142,"column":13},"end":{"line":142,"column":30}},"50":{"start":{"line":143,"column":4},"end":{"line":143,"column":27}},"51":{"start":{"line":149,"column":0},"end":{"line":149,"column":56}},"52":{"start":{"line":159,"column":0},"end":{"line":159,"column":62}},"53":{"start":{"line":160,"column":0},"end":{"line":160,"column":104}},"54":{"start":{"line":166,"column":0},"end":{"line":166,"column":44}},"55":{"start":{"line":167,"column":0},"end":{"line":167,"column":66}},"56":{"start":{"line":171,"column":0},"end":{"line":174,"column":2}},"57":{"start":{"line":176,"column":0},"end":{"line":205,"column":2}},"58":{"start":{"line":180,"column":17},"end":{"line":180,"column":25}},"59":{"start":{"line":183,"column":4},"end":{"line":203,"column":6}},"60":{"start":{"line":187,"column":8},"end":{"line":190,"column":9}},"61":{"start":{"line":188,"column":10},"end":{"line":188,"column":54}},"62":{"start":{"line":189,"column":10},"end":{"line":189,"column":44}},"63":{"start":{"line":193,"column":8},"end":{"line":199,"column":9}},"64":{"start":{"line":195,"column":10},"end":{"line":195,"column":52}},"65":{"start":{"line":198,"column":10},"end":{"line":198,"column":46}},"66":{"start":{"line":201,"column":8},"end":{"line":201,"column":41}},"67":{"start":{"line":207,"column":22},"end":{"line":207,"column":56}},"68":{"start":{"line":209,"column":0},"end":{"line":230,"column":3}},"69":{"start":{"line":212,"column":4},"end":{"line":228,"column":7}},"70":{"start":{"line":213,"column":6},"end":{"line":213,"column":36}},"71":{"start":{"line":213,"column":17},"end":{"line":213,"column":34}},"72":{"start":{"line":214,"column":6},"end":{"line":216,"column":7}},"73":{"start":{"line":215,"column":8},"end":{"line":215,"column":66}},"74":{"start":{"line":218,"column":19},"end":{"line":218,"column":29}},"75":{"start":{"line":220,"column":6},"end":{"line":227,"column":9}},"76":{"start":{"line":221,"column":8},"end":{"line":221,"column":34}},"77":{"start":{"line":221,"column":17},"end":{"line":221,"column":34}},"78":{"start":{"line":222,"column":8},"end":{"line":226,"column":9}},"79":{"start":{"line":223,"column":10},"end":{"line":223,"column":34}},"80":{"start":{"line":225,"column":10},"end":{"line":225,"column":71}},"81":{"start":{"line":233,"column":2},"end":{"line":235,"column":3}},"82":{"start":{"line":234,"column":6},"end":{"line":234,"column":20}},"83":{"start":{"line":236,"column":2},"end":{"line":236,"column":78}},"84":{"start":{"line":240,"column":0},"end":{"line":242,"column":3}},"85":{"start":{"line":241,"column":2},"end":{"line":241,"column":62}},"86":{"start":{"line":245,"column":0},"end":{"line":247,"column":3}},"87":{"start":{"line":246,"column":2},"end":{"line":246,"column":61}},"88":{"start":{"line":250,"column":0},"end":{"line":300,"column":3}},"89":{"start":{"line":251,"column":39},"end":{"line":251,"column":47}},"90":{"start":{"line":252,"column":2},"end":{"line":252,"column":19}},"91":{"start":{"line":254,"column":2},"end":{"line":299,"column":3}},"92":{"start":{"line":255,"column":4},"end":{"line":293,"column":6}},"93":{"start":{"line":259,"column":8},"end":{"line":264,"column":9}},"94":{"start":{"line":260,"column":10},"end":{"line":260,"column":54}},"95":{"start":{"line":261,"column":10},"end":{"line":263,"column":66}},"96":{"start":{"line":266,"column":8},"end":{"line":268,"column":9}},"97":{"start":{"line":267,"column":10},"end":{"line":267,"column":70}},"98":{"start":{"line":270,"column":21},"end":{"line":270,"column":45}},"99":{"start":{"line":271,"column":31},"end":{"line":271,"column":64}},"100":{"start":{"line":274,"column":10},"end":{"line":274,"column":83}},"101":{"start":{"line":275,"column":8},"end":{"line":291,"column":10}},"102":{"start":{"line":279,"column":12},"end":{"line":284,"column":13}},"103":{"start":{"line":280,"column":14},"end":{"line":280,"column":59}},"104":{"start":{"line":281,"column":14},"end":{"line":283,"column":70}},"105":{"start":{"line":286,"column":32},"end":{"line":286,"column":45}},"106":{"start":{"line":287,"column":12},"end":{"line":289,"column":79}},"107":{"start":{"line":295,"column":4},"end":{"line":295,"column":44}},"108":{"start":{"line":296,"column":4},"end":{"line":298,"column":7}},"109":{"start":{"line":302,"column":0},"end":{"line":352,"column":3}},"110":{"start":{"line":303,"column":52},"end":{"line":303,"column":60}},"111":{"start":{"line":304,"column":15},"end":{"line":304,"column":22}},"112":{"start":{"line":306,"column":2},"end":{"line":351,"column":3}},"113":{"start":{"line":308,"column":4},"end":{"line":345,"column":6}},"114":{"start":{"line":312,"column":8},"end":{"line":315,"column":9}},"115":{"start":{"line":313,"column":10},"end":{"line":313,"column":54}},"116":{"start":{"line":314,"column":10},"end":{"line":314,"column":86}},"117":{"start":{"line":317,"column":8},"end":{"line":319,"column":9}},"118":{"start":{"line":318,"column":10},"end":{"line":318,"column":70}},"119":{"start":{"line":322,"column":21},"end":{"line":322,"column":45}},"120":{"start":{"line":323,"column":31},"end":{"line":323,"column":64}},"121":{"start":{"line":327,"column":10},"end":{"line":327,"column":102}},"122":{"start":{"line":328,"column":8},"end":{"line":343,"column":10}},"123":{"start":{"line":332,"column":12},"end":{"line":335,"column":13}},"124":{"start":{"line":333,"column":14},"end":{"line":333,"column":59}},"125":{"start":{"line":334,"column":14},"end":{"line":334,"column":90}},"126":{"start":{"line":338,"column":32},"end":{"line":338,"column":45}},"127":{"start":{"line":339,"column":12},"end":{"line":341,"column":79}},"128":{"start":{"line":347,"column":4},"end":{"line":347,"column":44}},"129":{"start":{"line":348,"column":4},"end":{"line":350,"column":7}},"130":{"start":{"line":355,"column":0},"end":{"line":398,"column":3}},"131":{"start":{"line":356,"column":2},"end":{"line":397,"column":21}},"132":{"start":{"line":357,"column":4},"end":{"line":359,"column":5}},"133":{"start":{"line":358,"column":6},"end":{"line":358,"column":82}},"134":{"start":{"line":360,"column":4},"end":{"line":363,"column":5}},"135":{"start":{"line":362,"column":6},"end":{"line":362,"column":72}},"136":{"start":{"line":366,"column":4},"end":{"line":396,"column":7}},"137":{"start":{"line":367,"column":6},"end":{"line":369,"column":7}},"138":{"start":{"line":368,"column":8},"end":{"line":368,"column":84}},"139":{"start":{"line":372,"column":33},"end":{"line":387,"column":7}},"140":{"start":{"line":374,"column":8},"end":{"line":386,"column":9}},"141":{"start":{"line":375,"column":10},"end":{"line":382,"column":13}},"142":{"start":{"line":376,"column":12},"end":{"line":378,"column":13}},"143":{"start":{"line":377,"column":14},"end":{"line":377,"column":91}},"144":{"start":{"line":380,"column":32},"end":{"line":380,"column":114}},"145":{"start":{"line":381,"column":12},"end":{"line":381,"column":98}},"146":{"start":{"line":385,"column":10},"end":{"line":385,"column":120}},"147":{"start":{"line":390,"column":6},"end":{"line":395,"column":9}},"148":{"start":{"line":391,"column":8},"end":{"line":393,"column":9}},"149":{"start":{"line":392,"column":10},"end":{"line":392,"column":87}},"150":{"start":{"line":394,"column":8},"end":{"line":394,"column":29}},"151":{"start":{"line":413,"column":0},"end":{"line":440,"column":3}},"152":{"start":{"line":414,"column":2},"end":{"line":439,"column":3}},"153":{"start":{"line":416,"column":6},"end":{"line":416,"column":65}},"154":{"start":{"line":419,"column":4},"end":{"line":436,"column":6}},"155":{"start":{"line":423,"column":8},"end":{"line":428,"column":9}},"156":{"start":{"line":424,"column":10},"end":{"line":424,"column":61}},"157":{"start":{"line":425,"column":10},"end":{"line":427,"column":64}},"158":{"start":{"line":431,"column":29},"end":{"line":431,"column":67}},"159":{"start":{"line":434,"column":8},"end":{"line":434,"column":31}},"160":{"start":{"line":438,"column":4},"end":{"line":438,"column":27}},"161":{"start":{"line":442,"column":0},"end":{"line":451,"column":3}},"162":{"start":{"line":443,"column":2},"end":{"line":450,"column":5}},"163":{"start":{"line":444,"column":4},"end":{"line":446,"column":5}},"164":{"start":{"line":445,"column":6},"end":{"line":445,"column":68}},"165":{"start":{"line":447,"column":4},"end":{"line":449,"column":7}},"166":{"start":{"line":448,"column":6},"end":{"line":448,"column":84}},"167":{"start":{"line":453,"column":0},"end":{"line":499,"column":3}},"168":{"start":{"line":454,"column":23},"end":{"line":454,"column":31}},"169":{"start":{"line":455,"column":18},"end":{"line":455,"column":29}},"170":{"start":{"line":456,"column":16},"end":{"line":456,"column":30}},"171":{"start":{"line":457,"column":19},"end":{"line":457,"column":36}},"172":{"start":{"line":460,"column":22},"end":{"line":464,"column":3}},"173":{"start":{"line":466,"column":2},"end":{"line":498,"column":5}},"174":{"start":{"line":467,"column":6},"end":{"line":469,"column":7}},"175":{"start":{"line":468,"column":10},"end":{"line":468,"column":86}},"176":{"start":{"line":471,"column":6},"end":{"line":483,"column":7}},"177":{"start":{"line":472,"column":31},"end":{"line":472,"column":54}},"178":{"start":{"line":473,"column":30},"end":{"line":473,"column":40}},"179":{"start":{"line":474,"column":33},"end":{"line":474,"column":43}},"180":{"start":{"line":475,"column":10},"end":{"line":475,"column":62}},"181":{"start":{"line":478,"column":10},"end":{"line":482,"column":11}},"182":{"start":{"line":479,"column":14},"end":{"line":481,"column":17}},"183":{"start":{"line":486,"column":26},"end":{"line":490,"column":7}},"184":{"start":{"line":492,"column":6},"end":{"line":497,"column":9}},"185":{"start":{"line":493,"column":10},"end":{"line":495,"column":11}},"186":{"start":{"line":494,"column":14},"end":{"line":494,"column":78}},"187":{"start":{"line":496,"column":10},"end":{"line":496,"column":76}},"188":{"start":{"line":502,"column":0},"end":{"line":509,"column":3}},"189":{"start":{"line":503,"column":2},"end":{"line":508,"column":3}},"190":{"start":{"line":504,"column":21},"end":{"line":504,"column":38}},"191":{"start":{"line":505,"column":4},"end":{"line":505,"column":27}},"192":{"start":{"line":507,"column":4},"end":{"line":507,"column":62}},"193":{"start":{"line":511,"column":0},"end":{"line":518,"column":3}},"194":{"start":{"line":512,"column":2},"end":{"line":517,"column":3}},"195":{"start":{"line":514,"column":6},"end":{"line":514,"column":40}},"196":{"start":{"line":516,"column":6},"end":{"line":516,"column":56}},"197":{"start":{"line":520,"column":0},"end":{"line":534,"column":3}},"198":{"start":{"line":522,"column":2},"end":{"line":524,"column":3}},"199":{"start":{"line":523,"column":6},"end":{"line":523,"column":84}},"200":{"start":{"line":526,"column":15},"end":{"line":530,"column":3}},"201":{"start":{"line":533,"column":2},"end":{"line":533,"column":17}},"202":{"start":{"line":537,"column":0},"end":{"line":559,"column":3}},"203":{"start":{"line":538,"column":2},"end":{"line":558,"column":3}},"204":{"start":{"line":539,"column":17},"end":{"line":539,"column":28}},"205":{"start":{"line":542,"column":4},"end":{"line":555,"column":6}},"206":{"start":{"line":546,"column":8},"end":{"line":548,"column":9}},"207":{"start":{"line":547,"column":10},"end":{"line":547,"column":86}},"208":{"start":{"line":549,"column":8},"end":{"line":553,"column":9}},"209":{"start":{"line":550,"column":10},"end":{"line":550,"column":69}},"210":{"start":{"line":552,"column":10},"end":{"line":552,"column":71}},"211":{"start":{"line":557,"column":4},"end":{"line":557,"column":62}},"212":{"start":{"line":562,"column":0},"end":{"line":582,"column":3}},"213":{"start":{"line":563,"column":17},"end":{"line":563,"column":28}},"214":{"start":{"line":564,"column":31},"end":{"line":564,"column":40}},"215":{"start":{"line":566,"column":16},"end":{"line":572,"column":3}},"216":{"start":{"line":574,"column":2},"end":{"line":581,"column":5}},"217":{"start":{"line":575,"column":6},"end":{"line":580,"column":7}},"218":{"start":{"line":576,"column":10},"end":{"line":576,"column":61}},"219":{"start":{"line":577,"column":10},"end":{"line":577,"column":74}},"220":{"start":{"line":579,"column":10},"end":{"line":579,"column":28}},"221":{"start":{"line":585,"column":0},"end":{"line":609,"column":3}},"222":{"start":{"line":586,"column":24},"end":{"line":586,"column":48}},"223":{"start":{"line":589,"column":16},"end":{"line":594,"column":3}},"224":{"start":{"line":596,"column":2},"end":{"line":608,"column":5}},"225":{"start":{"line":597,"column":4},"end":{"line":600,"column":5}},"226":{"start":{"line":598,"column":6},"end":{"line":598,"column":64}},"227":{"start":{"line":599,"column":6},"end":{"line":599,"column":83}},"228":{"start":{"line":602,"column":4},"end":{"line":604,"column":5}},"229":{"start":{"line":603,"column":6},"end":{"line":603,"column":70}},"230":{"start":{"line":607,"column":4},"end":{"line":607,"column":25}},"231":{"start":{"line":612,"column":0},"end":{"line":787,"column":3}},"232":{"start":{"line":613,"column":17},"end":{"line":613,"column":28}},"233":{"start":{"line":614,"column":19},"end":{"line":614,"column":36}},"234":{"start":{"line":616,"column":20},"end":{"line":620,"column":3}},"235":{"start":{"line":622,"column":2},"end":{"line":736,"column":5}},"236":{"start":{"line":623,"column":6},"end":{"line":626,"column":7}},"237":{"start":{"line":624,"column":10},"end":{"line":624,"column":59}},"238":{"start":{"line":625,"column":10},"end":{"line":625,"column":79}},"239":{"start":{"line":628,"column":6},"end":{"line":630,"column":7}},"240":{"start":{"line":629,"column":10},"end":{"line":629,"column":66}},"241":{"start":{"line":632,"column":6},"end":{"line":735,"column":9}},"242":{"start":{"line":633,"column":10},"end":{"line":636,"column":11}},"243":{"start":{"line":634,"column":14},"end":{"line":634,"column":64}},"244":{"start":{"line":635,"column":14},"end":{"line":635,"column":84}},"245":{"start":{"line":638,"column":38},"end":{"line":641,"column":11}},"246":{"start":{"line":643,"column":36},"end":{"line":647,"column":11}},"247":{"start":{"line":649,"column":31},"end":{"line":649,"column":36}},"248":{"start":{"line":650,"column":10},"end":{"line":734,"column":13}},"249":{"start":{"line":652,"column":14},"end":{"line":667,"column":15}},"250":{"start":{"line":654,"column":22},"end":{"line":654,"column":45}},"251":{"start":{"line":655,"column":22},"end":{"line":655,"column":43}},"252":{"start":{"line":656,"column":22},"end":{"line":656,"column":28}},"253":{"start":{"line":658,"column":22},"end":{"line":658,"column":45}},"254":{"start":{"line":659,"column":22},"end":{"line":659,"column":43}},"255":{"start":{"line":660,"column":22},"end":{"line":660,"column":28}},"256":{"start":{"line":662,"column":22},"end":{"line":662,"column":45}},"257":{"start":{"line":663,"column":22},"end":{"line":663,"column":43}},"258":{"start":{"line":664,"column":22},"end":{"line":664,"column":28}},"259":{"start":{"line":666,"column":22},"end":{"line":666,"column":82}},"260":{"start":{"line":669,"column":32},"end":{"line":669,"column":94}},"261":{"start":{"line":671,"column":14},"end":{"line":733,"column":17}},"262":{"start":{"line":672,"column":18},"end":{"line":677,"column":19}},"263":{"start":{"line":673,"column":22},"end":{"line":676,"column":25}},"264":{"start":{"line":674,"column":26},"end":{"line":674,"column":79}},"265":{"start":{"line":675,"column":26},"end":{"line":675,"column":95}},"266":{"start":{"line":679,"column":18},"end":{"line":732,"column":19}},"267":{"start":{"line":680,"column":22},"end":{"line":693,"column":23}},"268":{"start":{"line":681,"column":26},"end":{"line":681,"column":48}},"269":{"start":{"line":682,"column":26},"end":{"line":692,"column":29}},"270":{"start":{"line":683,"column":30},"end":{"line":691,"column":33}},"271":{"start":{"line":695,"column":22},"end":{"line":731,"column":25}},"272":{"start":{"line":704,"column":26},"end":{"line":709,"column":27}},"273":{"start":{"line":705,"column":30},"end":{"line":708,"column":33}},"274":{"start":{"line":706,"column":34},"end":{"line":706,"column":85}},"275":{"start":{"line":707,"column":34},"end":{"line":707,"column":105}},"276":{"start":{"line":711,"column":26},"end":{"line":730,"column":27}},"277":{"start":{"line":712,"column":30},"end":{"line":729,"column":33}},"278":{"start":{"line":713,"column":34},"end":{"line":718,"column":35}},"279":{"start":{"line":714,"column":38},"end":{"line":717,"column":41}},"280":{"start":{"line":715,"column":42},"end":{"line":715,"column":91}},"281":{"start":{"line":716,"column":42},"end":{"line":716,"column":113}},"282":{"start":{"line":720,"column":57},"end":{"line":720,"column":99}},"283":{"start":{"line":721,"column":34},"end":{"line":728,"column":37}},"284":{"start":{"line":722,"column":38},"end":{"line":725,"column":39}},"285":{"start":{"line":723,"column":42},"end":{"line":723,"column":85}},"286":{"start":{"line":724,"column":42},"end":{"line":724,"column":105}},"287":{"start":{"line":727,"column":38},"end":{"line":727,"column":171}},"288":{"start":{"line":739,"column":4},"end":{"line":785,"column":5}},"289":{"start":{"line":740,"column":6},"end":{"line":754,"column":9}},"290":{"start":{"line":741,"column":27},"end":{"line":741,"column":29}},"291":{"start":{"line":742,"column":8},"end":{"line":744,"column":9}},"292":{"start":{"line":743,"column":10},"end":{"line":743,"column":59}},"293":{"start":{"line":745,"column":8},"end":{"line":747,"column":9}},"294":{"start":{"line":746,"column":10},"end":{"line":746,"column":65}},"295":{"start":{"line":748,"column":8},"end":{"line":753,"column":11}},"296":{"start":{"line":756,"column":6},"end":{"line":784,"column":9}},"297":{"start":{"line":757,"column":8},"end":{"line":765,"column":9}},"298":{"start":{"line":758,"column":10},"end":{"line":764,"column":13}},"299":{"start":{"line":759,"column":12},"end":{"line":759,"column":61}},"300":{"start":{"line":760,"column":12},"end":{"line":763,"column":15}},"301":{"start":{"line":768,"column":31},"end":{"line":768,"column":73}},"302":{"start":{"line":769,"column":8},"end":{"line":783,"column":11}},"303":{"start":{"line":770,"column":10},"end":{"line":776,"column":11}},"304":{"start":{"line":771,"column":12},"end":{"line":771,"column":55}},"305":{"start":{"line":772,"column":12},"end":{"line":775,"column":15}},"306":{"start":{"line":779,"column":10},"end":{"line":782,"column":13}},"307":{"start":{"line":789,"column":0},"end":{"line":943,"column":3}},"308":{"start":{"line":790,"column":17},"end":{"line":790,"column":28}},"309":{"start":{"line":791,"column":19},"end":{"line":791,"column":36}},"310":{"start":{"line":792,"column":32},"end":{"line":792,"column":45}},"311":{"start":{"line":793,"column":25},"end":{"line":793,"column":33}},"312":{"start":{"line":796,"column":2},"end":{"line":942,"column":5}},"313":{"start":{"line":797,"column":4},"end":{"line":800,"column":5}},"314":{"start":{"line":798,"column":6},"end":{"line":798,"column":56}},"315":{"start":{"line":799,"column":6},"end":{"line":799,"column":76}},"316":{"start":{"line":803,"column":37},"end":{"line":806,"column":5}},"317":{"start":{"line":808,"column":4},"end":{"line":941,"column":7}},"318":{"start":{"line":809,"column":6},"end":{"line":814,"column":7}},"319":{"start":{"line":810,"column":8},"end":{"line":813,"column":11}},"320":{"start":{"line":811,"column":10},"end":{"line":811,"column":69}},"321":{"start":{"line":812,"column":10},"end":{"line":812,"column":82}},"322":{"start":{"line":816,"column":6},"end":{"line":820,"column":7}},"323":{"start":{"line":817,"column":8},"end":{"line":819,"column":11}},"324":{"start":{"line":818,"column":10},"end":{"line":818,"column":76}},"325":{"start":{"line":822,"column":34},"end":{"line":822,"column":57}},"326":{"start":{"line":825,"column":28},"end":{"line":828,"column":7}},"327":{"start":{"line":830,"column":6},"end":{"line":940,"column":9}},"328":{"start":{"line":831,"column":8},"end":{"line":836,"column":9}},"329":{"start":{"line":832,"column":10},"end":{"line":835,"column":13}},"330":{"start":{"line":833,"column":12},"end":{"line":833,"column":60}},"331":{"start":{"line":834,"column":12},"end":{"line":834,"column":73}},"332":{"start":{"line":838,"column":8},"end":{"line":842,"column":9}},"333":{"start":{"line":839,"column":10},"end":{"line":841,"column":13}},"334":{"start":{"line":840,"column":12},"end":{"line":840,"column":67}},"335":{"start":{"line":844,"column":25},"end":{"line":844,"column":37}},"336":{"start":{"line":847,"column":31},"end":{"line":850,"column":9}},"337":{"start":{"line":852,"column":8},"end":{"line":939,"column":11}},"338":{"start":{"line":853,"column":10},"end":{"line":858,"column":11}},"339":{"start":{"line":854,"column":12},"end":{"line":857,"column":15}},"340":{"start":{"line":855,"column":14},"end":{"line":855,"column":66}},"341":{"start":{"line":856,"column":14},"end":{"line":856,"column":79}},"342":{"start":{"line":860,"column":10},"end":{"line":864,"column":11}},"343":{"start":{"line":861,"column":12},"end":{"line":863,"column":15}},"344":{"start":{"line":862,"column":14},"end":{"line":862,"column":122}},"345":{"start":{"line":868,"column":10},"end":{"line":886,"column":11}},"346":{"start":{"line":870,"column":14},"end":{"line":870,"column":37}},"347":{"start":{"line":871,"column":14},"end":{"line":871,"column":35}},"348":{"start":{"line":872,"column":14},"end":{"line":872,"column":20}},"349":{"start":{"line":874,"column":14},"end":{"line":874,"column":37}},"350":{"start":{"line":875,"column":14},"end":{"line":875,"column":35}},"351":{"start":{"line":876,"column":14},"end":{"line":876,"column":20}},"352":{"start":{"line":878,"column":14},"end":{"line":878,"column":37}},"353":{"start":{"line":879,"column":14},"end":{"line":879,"column":35}},"354":{"start":{"line":880,"column":14},"end":{"line":880,"column":20}},"355":{"start":{"line":882,"column":14},"end":{"line":885,"column":17}},"356":{"start":{"line":883,"column":16},"end":{"line":883,"column":51}},"357":{"start":{"line":884,"column":16},"end":{"line":884,"column":69}},"358":{"start":{"line":888,"column":36},"end":{"line":892,"column":11}},"359":{"start":{"line":894,"column":10},"end":{"line":938,"column":13}},"360":{"start":{"line":902,"column":12},"end":{"line":907,"column":13}},"361":{"start":{"line":903,"column":14},"end":{"line":906,"column":17}},"362":{"start":{"line":904,"column":16},"end":{"line":904,"column":66}},"363":{"start":{"line":905,"column":16},"end":{"line":905,"column":80}},"364":{"start":{"line":910,"column":35},"end":{"line":913,"column":13}},"365":{"start":{"line":915,"column":12},"end":{"line":937,"column":15}},"366":{"start":{"line":916,"column":14},"end":{"line":921,"column":15}},"367":{"start":{"line":917,"column":16},"end":{"line":920,"column":19}},"368":{"start":{"line":918,"column":18},"end":{"line":918,"column":71}},"369":{"start":{"line":919,"column":18},"end":{"line":919,"column":85}},"370":{"start":{"line":924,"column":14},"end":{"line":936,"column":17}},"371":{"start":{"line":925,"column":16},"end":{"line":930,"column":17}},"372":{"start":{"line":926,"column":18},"end":{"line":929,"column":21}},"373":{"start":{"line":927,"column":20},"end":{"line":927,"column":72}},"374":{"start":{"line":928,"column":20},"end":{"line":928,"column":84}},"375":{"start":{"line":932,"column":16},"end":{"line":935,"column":19}},"376":{"start":{"line":945,"column":0},"end":{"line":964,"column":3}},"377":{"start":{"line":946,"column":21},"end":{"line":946,"column":34}},"378":{"start":{"line":948,"column":27},"end":{"line":950,"column":3}},"379":{"start":{"line":952,"column":2},"end":{"line":963,"column":5}},"380":{"start":{"line":953,"column":4},"end":{"line":956,"column":5}},"381":{"start":{"line":954,"column":6},"end":{"line":954,"column":54}},"382":{"start":{"line":955,"column":6},"end":{"line":955,"column":74}},"383":{"start":{"line":958,"column":4},"end":{"line":960,"column":5}},"384":{"start":{"line":959,"column":6},"end":{"line":959,"column":68}},"385":{"start":{"line":962,"column":4},"end":{"line":962,"column":25}},"386":{"start":{"line":967,"column":0},"end":{"line":1051,"column":3}},"387":{"start":{"line":968,"column":24},"end":{"line":968,"column":37}},"388":{"start":{"line":971,"column":30},"end":{"line":975,"column":3}},"389":{"start":{"line":977,"column":2},"end":{"line":1050,"column":5}},"390":{"start":{"line":978,"column":4},"end":{"line":982,"column":5}},"391":{"start":{"line":979,"column":6},"end":{"line":979,"column":60}},"392":{"start":{"line":980,"column":6},"end":{"line":980,"column":63}},"393":{"start":{"line":981,"column":6},"end":{"line":981,"column":13}},"394":{"start":{"line":984,"column":4},"end":{"line":987,"column":5}},"395":{"start":{"line":985,"column":6},"end":{"line":985,"column":63}},"396":{"start":{"line":986,"column":6},"end":{"line":986,"column":13}},"397":{"start":{"line":989,"column":41},"end":{"line":989,"column":51}},"398":{"start":{"line":992,"column":32},"end":{"line":996,"column":5}},"399":{"start":{"line":998,"column":4},"end":{"line":1049,"column":7}},"400":{"start":{"line":999,"column":6},"end":{"line":1003,"column":7}},"401":{"start":{"line":1000,"column":8},"end":{"line":1000,"column":74}},"402":{"start":{"line":1001,"column":8},"end":{"line":1001,"column":65}},"403":{"start":{"line":1002,"column":8},"end":{"line":1002,"column":15}},"404":{"start":{"line":1006,"column":6},"end":{"line":1017,"column":7}},"405":{"start":{"line":1007,"column":37},"end":{"line":1007,"column":76}},"406":{"start":{"line":1008,"column":8},"end":{"line":1016,"column":11}},"407":{"start":{"line":1009,"column":10},"end":{"line":1013,"column":11}},"408":{"start":{"line":1010,"column":12},"end":{"line":1010,"column":74}},"409":{"start":{"line":1011,"column":12},"end":{"line":1011,"column":69}},"410":{"start":{"line":1012,"column":12},"end":{"line":1012,"column":19}},"411":{"start":{"line":1015,"column":10},"end":{"line":1015,"column":68}},"412":{"start":{"line":1020,"column":34},"end":{"line":1024,"column":7}},"413":{"start":{"line":1026,"column":6},"end":{"line":1048,"column":9}},"414":{"start":{"line":1027,"column":8},"end":{"line":1031,"column":9}},"415":{"start":{"line":1028,"column":10},"end":{"line":1028,"column":76}},"416":{"start":{"line":1029,"column":10},"end":{"line":1029,"column":67}},"417":{"start":{"line":1030,"column":10},"end":{"line":1030,"column":17}},"418":{"start":{"line":1034,"column":8},"end":{"line":1047,"column":9}},"419":{"start":{"line":1035,"column":39},"end":{"line":1035,"column":98}},"420":{"start":{"line":1036,"column":10},"end":{"line":1044,"column":13}},"421":{"start":{"line":1037,"column":12},"end":{"line":1041,"column":13}},"422":{"start":{"line":1038,"column":14},"end":{"line":1038,"column":76}},"423":{"start":{"line":1039,"column":14},"end":{"line":1039,"column":71}},"424":{"start":{"line":1040,"column":14},"end":{"line":1040,"column":21}},"425":{"start":{"line":1043,"column":12},"end":{"line":1043,"column":102}},"426":{"start":{"line":1046,"column":10},"end":{"line":1046,"column":76}},"427":{"start":{"line":1053,"column":0},"end":{"line":1066,"column":3}},"428":{"start":{"line":1054,"column":16},"end":{"line":1054,"column":62}},"429":{"start":{"line":1055,"column":17},"end":{"line":1055,"column":28}},"430":{"start":{"line":1057,"column":2},"end":{"line":1065,"column":5}},"431":{"start":{"line":1058,"column":4},"end":{"line":1062,"column":5}},"432":{"start":{"line":1059,"column":6},"end":{"line":1059,"column":59}},"433":{"start":{"line":1060,"column":6},"end":{"line":1060,"column":63}},"434":{"start":{"line":1061,"column":6},"end":{"line":1061,"column":13}},"435":{"start":{"line":1064,"column":4},"end":{"line":1064,"column":34}},"436":{"start":{"line":1068,"column":0},"end":{"line":1081,"column":3}},"437":{"start":{"line":1069,"column":16},"end":{"line":1069,"column":89}},"438":{"start":{"line":1070,"column":17},"end":{"line":1070,"column":28}},"439":{"start":{"line":1072,"column":2},"end":{"line":1080,"column":5}},"440":{"start":{"line":1073,"column":4},"end":{"line":1077,"column":5}},"441":{"start":{"line":1074,"column":6},"end":{"line":1074,"column":59}},"442":{"start":{"line":1075,"column":6},"end":{"line":1075,"column":63}},"443":{"start":{"line":1076,"column":6},"end":{"line":1076,"column":13}},"444":{"start":{"line":1079,"column":4},"end":{"line":1079,"column":34}},"445":{"start":{"line":1083,"column":0},"end":{"line":1101,"column":3}},"446":{"start":{"line":1084,"column":17},"end":{"line":1084,"column":28}},"447":{"start":{"line":1086,"column":16},"end":{"line":1086,"column":78}},"448":{"start":{"line":1088,"column":2},"end":{"line":1100,"column":5}},"449":{"start":{"line":1089,"column":4},"end":{"line":1093,"column":5}},"450":{"start":{"line":1090,"column":6},"end":{"line":1090,"column":64}},"451":{"start":{"line":1091,"column":6},"end":{"line":1091,"column":63}},"452":{"start":{"line":1092,"column":6},"end":{"line":1092,"column":13}},"453":{"start":{"line":1095,"column":4},"end":{"line":1099,"column":5}},"454":{"start":{"line":1096,"column":6},"end":{"line":1096,"column":80}},"455":{"start":{"line":1098,"column":6},"end":{"line":1098,"column":71}},"456":{"start":{"line":1105,"column":0},"end":{"line":1122,"column":3}},"457":{"start":{"line":1106,"column":60},"end":{"line":1106,"column":68}},"458":{"start":{"line":1109,"column":14},"end":{"line":1112,"column":3}},"459":{"start":{"line":1115,"column":2},"end":{"line":1121,"column":5}},"460":{"start":{"line":1116,"column":6},"end":{"line":1119,"column":7}},"461":{"start":{"line":1117,"column":10},"end":{"line":1117,"column":58}},"462":{"start":{"line":1118,"column":10},"end":{"line":1118,"column":80}},"463":{"start":{"line":1120,"column":6},"end":{"line":1120,"column":51}},"464":{"start":{"line":1124,"column":0},"end":{"line":1145,"column":3}},"465":{"start":{"line":1125,"column":17},"end":{"line":1125,"column":33}},"466":{"start":{"line":1126,"column":12},"end":{"line":1126,"column":36}},"467":{"start":{"line":1127,"column":22},"end":{"line":1127,"column":24}},"468":{"start":{"line":1130,"column":2},"end":{"line":1133,"column":3}},"469":{"start":{"line":1131,"column":4},"end":{"line":1131,"column":31}},"470":{"start":{"line":1132,"column":4},"end":{"line":1132,"column":29}},"471":{"start":{"line":1136,"column":2},"end":{"line":1144,"column":5}},"472":{"start":{"line":1137,"column":4},"end":{"line":1140,"column":5}},"473":{"start":{"line":1138,"column":6},"end":{"line":1138,"column":52}},"474":{"start":{"line":1139,"column":6},"end":{"line":1139,"column":73}},"475":{"start":{"line":1143,"column":4},"end":{"line":1143,"column":34}},"476":{"start":{"line":1150,"column":0},"end":{"line":1158,"column":3}},"477":{"start":{"line":1151,"column":2},"end":{"line":1157,"column":5}},"478":{"start":{"line":1152,"column":4},"end":{"line":1155,"column":5}},"479":{"start":{"line":1153,"column":6},"end":{"line":1153,"column":59}},"480":{"start":{"line":1154,"column":6},"end":{"line":1154,"column":70}},"481":{"start":{"line":1156,"column":4},"end":{"line":1156,"column":22}},"482":{"start":{"line":1161,"column":0},"end":{"line":1174,"column":3}},"483":{"start":{"line":1162,"column":32},"end":{"line":1162,"column":42}},"484":{"start":{"line":1163,"column":2},"end":{"line":1173,"column":4}},"485":{"start":{"line":1167,"column":6},"end":{"line":1170,"column":7}},"486":{"start":{"line":1168,"column":8},"end":{"line":1168,"column":60}},"487":{"start":{"line":1169,"column":8},"end":{"line":1169,"column":72}},"488":{"start":{"line":1171,"column":6},"end":{"line":1171,"column":24}},"489":{"start":{"line":1177,"column":0},"end":{"line":1185,"column":3}},"490":{"start":{"line":1178,"column":2},"end":{"line":1184,"column":5}},"491":{"start":{"line":1179,"column":4},"end":{"line":1182,"column":5}},"492":{"start":{"line":1180,"column":6},"end":{"line":1180,"column":57}},"493":{"start":{"line":1181,"column":6},"end":{"line":1181,"column":70}},"494":{"start":{"line":1183,"column":4},"end":{"line":1183,"column":22}},"495":{"start":{"line":1188,"column":0},"end":{"line":1201,"column":3}},"496":{"start":{"line":1189,"column":70},"end":{"line":1189,"column":78}},"497":{"start":{"line":1190,"column":2},"end":{"line":1200,"column":4}},"498":{"start":{"line":1194,"column":6},"end":{"line":1197,"column":7}},"499":{"start":{"line":1195,"column":8},"end":{"line":1195,"column":56}},"500":{"start":{"line":1196,"column":8},"end":{"line":1196,"column":72}},"501":{"start":{"line":1198,"column":6},"end":{"line":1198,"column":60}},"502":{"start":{"line":1204,"column":0},"end":{"line":1245,"column":3}},"503":{"start":{"line":1205,"column":2},"end":{"line":1244,"column":5}},"504":{"start":{"line":1206,"column":4},"end":{"line":1209,"column":5}},"505":{"start":{"line":1207,"column":6},"end":{"line":1207,"column":59}},"506":{"start":{"line":1208,"column":6},"end":{"line":1208,"column":70}},"507":{"start":{"line":1211,"column":20},"end":{"line":1211,"column":22}},"508":{"start":{"line":1212,"column":27},"end":{"line":1212,"column":28}},"509":{"start":{"line":1214,"column":29},"end":{"line":1214,"column":65}},"510":{"start":{"line":1216,"column":4},"end":{"line":1218,"column":5}},"511":{"start":{"line":1217,"column":6},"end":{"line":1217,"column":31}},"512":{"start":{"line":1220,"column":4},"end":{"line":1243,"column":5}},"513":{"start":{"line":1220,"column":17},"end":{"line":1220,"column":18}},"514":{"start":{"line":1221,"column":6},"end":{"line":1242,"column":9}},"515":{"start":{"line":1222,"column":8},"end":{"line":1237,"column":9}},"516":{"start":{"line":1223,"column":10},"end":{"line":1223,"column":67}},"517":{"start":{"line":1224,"column":10},"end":{"line":1224,"column":29}},"518":{"start":{"line":1226,"column":30},"end":{"line":1233,"column":13}},"519":{"start":{"line":1226,"column":53},"end":{"line":1233,"column":11}},"520":{"start":{"line":1235,"column":10},"end":{"line":1235,"column":54}},"521":{"start":{"line":1236,"column":10},"end":{"line":1236,"column":29}},"522":{"start":{"line":1239,"column":8},"end":{"line":1241,"column":9}},"523":{"start":{"line":1240,"column":10},"end":{"line":1240,"column":28}},"524":{"start":{"line":1248,"column":0},"end":{"line":1337,"column":3}},"525":{"start":{"line":1249,"column":22},"end":{"line":1249,"column":30}},"526":{"start":{"line":1250,"column":2},"end":{"line":1252,"column":3}},"527":{"start":{"line":1251,"column":4},"end":{"line":1251,"column":76}},"528":{"start":{"line":1254,"column":2},"end":{"line":1336,"column":5}},"529":{"start":{"line":1255,"column":4},"end":{"line":1258,"column":5}},"530":{"start":{"line":1256,"column":6},"end":{"line":1256,"column":56}},"531":{"start":{"line":1257,"column":6},"end":{"line":1257,"column":70}},"532":{"start":{"line":1261,"column":4},"end":{"line":1335,"column":7}},"533":{"start":{"line":1262,"column":6},"end":{"line":1267,"column":7}},"534":{"start":{"line":1263,"column":8},"end":{"line":1266,"column":11}},"535":{"start":{"line":1264,"column":10},"end":{"line":1264,"column":66}},"536":{"start":{"line":1265,"column":10},"end":{"line":1265,"column":67}},"537":{"start":{"line":1269,"column":30},"end":{"line":1269,"column":67}},"538":{"start":{"line":1272,"column":6},"end":{"line":1334,"column":9}},"539":{"start":{"line":1273,"column":8},"end":{"line":1278,"column":9}},"540":{"start":{"line":1274,"column":10},"end":{"line":1277,"column":13}},"541":{"start":{"line":1275,"column":12},"end":{"line":1275,"column":68}},"542":{"start":{"line":1276,"column":12},"end":{"line":1276,"column":69}},"543":{"start":{"line":1281,"column":8},"end":{"line":1333,"column":11}},"544":{"start":{"line":1282,"column":10},"end":{"line":1287,"column":11}},"545":{"start":{"line":1283,"column":12},"end":{"line":1286,"column":15}},"546":{"start":{"line":1284,"column":14},"end":{"line":1284,"column":63}},"547":{"start":{"line":1285,"column":14},"end":{"line":1285,"column":71}},"548":{"start":{"line":1289,"column":30},"end":{"line":1289,"column":31}},"549":{"start":{"line":1290,"column":10},"end":{"line":1332,"column":13}},"550":{"start":{"line":1291,"column":12},"end":{"line":1331,"column":14}},"551":{"start":{"line":1297,"column":16},"end":{"line":1302,"column":17}},"552":{"start":{"line":1298,"column":18},"end":{"line":1301,"column":21}},"553":{"start":{"line":1299,"column":20},"end":{"line":1299,"column":69}},"554":{"start":{"line":1300,"column":20},"end":{"line":1300,"column":77}},"555":{"start":{"line":1304,"column":16},"end":{"line":1304,"column":32}},"556":{"start":{"line":1305,"column":16},"end":{"line":1329,"column":17}},"557":{"start":{"line":1307,"column":18},"end":{"line":1328,"column":20}},"558":{"start":{"line":1311,"column":22},"end":{"line":1316,"column":23}},"559":{"start":{"line":1312,"column":24},"end":{"line":1315,"column":27}},"560":{"start":{"line":1313,"column":26},"end":{"line":1313,"column":72}},"561":{"start":{"line":1314,"column":26},"end":{"line":1314,"column":83}},"562":{"start":{"line":1318,"column":22},"end":{"line":1326,"column":25}},"563":{"start":{"line":1319,"column":24},"end":{"line":1324,"column":25}},"564":{"start":{"line":1320,"column":26},"end":{"line":1323,"column":29}},"565":{"start":{"line":1321,"column":28},"end":{"line":1321,"column":80}},"566":{"start":{"line":1322,"column":28},"end":{"line":1322,"column":85}},"567":{"start":{"line":1325,"column":24},"end":{"line":1325,"column":113}},"568":{"start":{"line":1340,"column":0},"end":{"line":1410,"column":3}},"569":{"start":{"line":1341,"column":46},"end":{"line":1341,"column":54}},"570":{"start":{"line":1343,"column":2},"end":{"line":1409,"column":5}},"571":{"start":{"line":1344,"column":4},"end":{"line":1347,"column":5}},"572":{"start":{"line":1345,"column":6},"end":{"line":1345,"column":56}},"573":{"start":{"line":1346,"column":6},"end":{"line":1346,"column":70}},"574":{"start":{"line":1350,"column":4},"end":{"line":1408,"column":6}},"575":{"start":{"line":1353,"column":8},"end":{"line":1358,"column":9}},"576":{"start":{"line":1354,"column":10},"end":{"line":1357,"column":13}},"577":{"start":{"line":1355,"column":12},"end":{"line":1355,"column":59}},"578":{"start":{"line":1356,"column":12},"end":{"line":1356,"column":69}},"579":{"start":{"line":1360,"column":25},"end":{"line":1360,"column":49}},"580":{"start":{"line":1363,"column":8},"end":{"line":1406,"column":10}},"581":{"start":{"line":1367,"column":12},"end":{"line":1372,"column":13}},"582":{"start":{"line":1368,"column":14},"end":{"line":1371,"column":17}},"583":{"start":{"line":1369,"column":16},"end":{"line":1369,"column":74}},"584":{"start":{"line":1370,"column":16},"end":{"line":1370,"column":73}},"585":{"start":{"line":1375,"column":12},"end":{"line":1404,"column":15}},"586":{"start":{"line":1388,"column":14},"end":{"line":1393,"column":15}},"587":{"start":{"line":1389,"column":16},"end":{"line":1392,"column":19}},"588":{"start":{"line":1390,"column":18},"end":{"line":1390,"column":69}},"589":{"start":{"line":1391,"column":18},"end":{"line":1391,"column":75}},"590":{"start":{"line":1395,"column":14},"end":{"line":1403,"column":17}},"591":{"start":{"line":1396,"column":16},"end":{"line":1401,"column":17}},"592":{"start":{"line":1397,"column":18},"end":{"line":1400,"column":21}},"593":{"start":{"line":1398,"column":20},"end":{"line":1398,"column":72}},"594":{"start":{"line":1399,"column":20},"end":{"line":1399,"column":77}},"595":{"start":{"line":1402,"column":16},"end":{"line":1402,"column":87}},"596":{"start":{"line":1413,"column":0},"end":{"line":1426,"column":3}},"597":{"start":{"line":1414,"column":40},"end":{"line":1414,"column":48}},"598":{"start":{"line":1415,"column":2},"end":{"line":1425,"column":4}},"599":{"start":{"line":1419,"column":6},"end":{"line":1422,"column":7}},"600":{"start":{"line":1420,"column":8},"end":{"line":1420,"column":58}},"601":{"start":{"line":1421,"column":8},"end":{"line":1421,"column":72}},"602":{"start":{"line":1423,"column":6},"end":{"line":1423,"column":62}},"603":{"start":{"line":1431,"column":0},"end":{"line":1454,"column":3}},"604":{"start":{"line":1432,"column":39},"end":{"line":1432,"column":48}},"605":{"start":{"line":1435,"column":20},"end":{"line":1435,"column":33}},"606":{"start":{"line":1438,"column":2},"end":{"line":1444,"column":3}},"607":{"start":{"line":1439,"column":6},"end":{"line":1439,"column":87}},"608":{"start":{"line":1440,"column":6},"end":{"line":1440,"column":36}},"609":{"start":{"line":1443,"column":6},"end":{"line":1443,"column":67}},"610":{"start":{"line":1446,"column":2},"end":{"line":1453,"column":5}},"611":{"start":{"line":1447,"column":6},"end":{"line":1452,"column":7}},"612":{"start":{"line":1448,"column":10},"end":{"line":1448,"column":58}},"613":{"start":{"line":1449,"column":10},"end":{"line":1449,"column":59}},"614":{"start":{"line":1451,"column":10},"end":{"line":1451,"column":28}},"615":{"start":{"line":1457,"column":0},"end":{"line":1501,"column":3}},"616":{"start":{"line":1458,"column":25},"end":{"line":1458,"column":33}},"617":{"start":{"line":1459,"column":17},"end":{"line":1459,"column":28}},"618":{"start":{"line":1462,"column":30},"end":{"line":1465,"column":3}},"619":{"start":{"line":1467,"column":2},"end":{"line":1500,"column":5}},"620":{"start":{"line":1468,"column":4},"end":{"line":1471,"column":5}},"621":{"start":{"line":1469,"column":6},"end":{"line":1469,"column":69}},"622":{"start":{"line":1470,"column":6},"end":{"line":1470,"column":75}},"623":{"start":{"line":1473,"column":4},"end":{"line":1499,"column":5}},"624":{"start":{"line":1475,"column":6},"end":{"line":1475,"column":117}},"625":{"start":{"line":1478,"column":26},"end":{"line":1481,"column":7}},"626":{"start":{"line":1483,"column":6},"end":{"line":1498,"column":9}},"627":{"start":{"line":1484,"column":8},"end":{"line":1497,"column":9}},"628":{"start":{"line":1485,"column":10},"end":{"line":1485,"column":59}},"629":{"start":{"line":1486,"column":10},"end":{"line":1486,"column":79}},"630":{"start":{"line":1489,"column":10},"end":{"line":1496,"column":13}},"631":{"start":{"line":1490,"column":12},"end":{"line":1495,"column":13}},"632":{"start":{"line":1491,"column":14},"end":{"line":1491,"column":62}},"633":{"start":{"line":1492,"column":14},"end":{"line":1492,"column":81}},"634":{"start":{"line":1494,"column":14},"end":{"line":1494,"column":94}},"635":{"start":{"line":1503,"column":0},"end":{"line":1530,"column":3}},"636":{"start":{"line":1504,"column":25},"end":{"line":1504,"column":33}},"637":{"start":{"line":1505,"column":17},"end":{"line":1505,"column":28}},"638":{"start":{"line":1506,"column":17},"end":{"line":1506,"column":30}},"639":{"start":{"line":1508,"column":22},"end":{"line":1512,"column":3}},"640":{"start":{"line":1514,"column":2},"end":{"line":1529,"column":5}},"641":{"start":{"line":1515,"column":4},"end":{"line":1528,"column":5}},"642":{"start":{"line":1516,"column":6},"end":{"line":1516,"column":58}},"643":{"start":{"line":1517,"column":6},"end":{"line":1517,"column":79}},"644":{"start":{"line":1520,"column":6},"end":{"line":1527,"column":9}},"645":{"start":{"line":1521,"column":8},"end":{"line":1526,"column":9}},"646":{"start":{"line":1522,"column":10},"end":{"line":1522,"column":58}},"647":{"start":{"line":1523,"column":10},"end":{"line":1523,"column":77}},"648":{"start":{"line":1525,"column":10},"end":{"line":1525,"column":93}},"649":{"start":{"line":1533,"column":0},"end":{"line":1552,"column":3}},"650":{"start":{"line":1534,"column":17},"end":{"line":1534,"column":28}},"651":{"start":{"line":1536,"column":16},"end":{"line":1542,"column":3}},"652":{"start":{"line":1544,"column":2},"end":{"line":1551,"column":5}},"653":{"start":{"line":1545,"column":6},"end":{"line":1550,"column":7}},"654":{"start":{"line":1546,"column":10},"end":{"line":1546,"column":59}},"655":{"start":{"line":1547,"column":10},"end":{"line":1547,"column":72}},"656":{"start":{"line":1549,"column":10},"end":{"line":1549,"column":28}},"657":{"start":{"line":1555,"column":0},"end":{"line":1572,"column":3}},"658":{"start":{"line":1556,"column":17},"end":{"line":1556,"column":28}},"659":{"start":{"line":1558,"column":16},"end":{"line":1562,"column":3}},"660":{"start":{"line":1564,"column":2},"end":{"line":1571,"column":5}},"661":{"start":{"line":1565,"column":6},"end":{"line":1570,"column":7}},"662":{"start":{"line":1566,"column":10},"end":{"line":1566,"column":59}},"663":{"start":{"line":1567,"column":10},"end":{"line":1567,"column":72}},"664":{"start":{"line":1569,"column":10},"end":{"line":1569,"column":56}},"665":{"start":{"line":1575,"column":0},"end":{"line":1630,"column":3}},"666":{"start":{"line":1576,"column":17},"end":{"line":1576,"column":30}},"667":{"start":{"line":1577,"column":17},"end":{"line":1577,"column":28}},"668":{"start":{"line":1579,"column":22},"end":{"line":1579,"column":75}},"669":{"start":{"line":1580,"column":34},"end":{"line":1580,"column":77}},"670":{"start":{"line":1582,"column":2},"end":{"line":1629,"column":5}},"671":{"start":{"line":1583,"column":4},"end":{"line":1585,"column":5}},"672":{"start":{"line":1584,"column":6},"end":{"line":1584,"column":80}},"673":{"start":{"line":1587,"column":4},"end":{"line":1628,"column":7}},"674":{"start":{"line":1588,"column":6},"end":{"line":1593,"column":7}},"675":{"start":{"line":1589,"column":8},"end":{"line":1592,"column":11}},"676":{"start":{"line":1590,"column":10},"end":{"line":1590,"column":63}},"677":{"start":{"line":1591,"column":10},"end":{"line":1591,"column":77}},"678":{"start":{"line":1596,"column":6},"end":{"line":1627,"column":9}},"679":{"start":{"line":1597,"column":8},"end":{"line":1602,"column":9}},"680":{"start":{"line":1598,"column":10},"end":{"line":1601,"column":13}},"681":{"start":{"line":1599,"column":12},"end":{"line":1599,"column":57}},"682":{"start":{"line":1600,"column":12},"end":{"line":1600,"column":78}},"683":{"start":{"line":1604,"column":22},"end":{"line":1604,"column":44}},"684":{"start":{"line":1605,"column":38},"end":{"line":1605,"column":47}},"685":{"start":{"line":1608,"column":8},"end":{"line":1626,"column":11}},"686":{"start":{"line":1609,"column":10},"end":{"line":1614,"column":11}},"687":{"start":{"line":1610,"column":12},"end":{"line":1613,"column":15}},"688":{"start":{"line":1611,"column":14},"end":{"line":1611,"column":68}},"689":{"start":{"line":1612,"column":14},"end":{"line":1612,"column":80}},"690":{"start":{"line":1616,"column":10},"end":{"line":1625,"column":13}},"691":{"start":{"line":1617,"column":12},"end":{"line":1622,"column":13}},"692":{"start":{"line":1618,"column":14},"end":{"line":1621,"column":17}},"693":{"start":{"line":1619,"column":16},"end":{"line":1619,"column":65}},"694":{"start":{"line":1620,"column":16},"end":{"line":1620,"column":83}},"695":{"start":{"line":1624,"column":12},"end":{"line":1624,"column":85}},"696":{"start":{"line":1634,"column":2},"end":{"line":1640,"column":9}},"697":{"start":{"line":1635,"column":6},"end":{"line":1637,"column":7}},"698":{"start":{"line":1636,"column":10},"end":{"line":1636,"column":30}},"699":{"start":{"line":1638,"column":6},"end":{"line":1638,"column":32}},"700":{"start":{"line":1639,"column":6},"end":{"line":1639,"column":17}},"701":{"start":{"line":1645,"column":2},"end":{"line":1650,"column":3}},"702":{"start":{"line":1646,"column":24},"end":{"line":1646,"column":42}},"703":{"start":{"line":1647,"column":20},"end":{"line":1647,"column":38}},"704":{"start":{"line":1648,"column":21},"end":{"line":1648,"column":39}},"705":{"start":{"line":1649,"column":15},"end":{"line":1649,"column":33}},"706":{"start":{"line":1654,"column":2},"end":{"line":1659,"column":3}},"707":{"start":{"line":1655,"column":24},"end":{"line":1655,"column":42}},"708":{"start":{"line":1656,"column":20},"end":{"line":1656,"column":38}},"709":{"start":{"line":1657,"column":21},"end":{"line":1657,"column":39}},"710":{"start":{"line":1658,"column":15},"end":{"line":1658,"column":33}},"711":{"start":{"line":1661,"column":0},"end":{"line":1668,"column":3}},"712":{"start":{"line":1662,"column":2},"end":{"line":1667,"column":3}},"713":{"start":{"line":1663,"column":17},"end":{"line":1663,"column":30}},"714":{"start":{"line":1664,"column":4},"end":{"line":1664,"column":23}},"715":{"start":{"line":1666,"column":4},"end":{"line":1666,"column":62}},"716":{"start":{"line":1670,"column":0},"end":{"line":1677,"column":3}},"717":{"start":{"line":1671,"column":2},"end":{"line":1676,"column":3}},"718":{"start":{"line":1672,"column":18},"end":{"line":1672,"column":32}},"719":{"start":{"line":1673,"column":4},"end":{"line":1673,"column":24}},"720":{"start":{"line":1675,"column":4},"end":{"line":1675,"column":62}},"721":{"start":{"line":1679,"column":0},"end":{"line":1697,"column":3}},"722":{"start":{"line":1681,"column":17},"end":{"line":1681,"column":28}},"723":{"start":{"line":1683,"column":2},"end":{"line":1696,"column":5}},"724":{"start":{"line":1684,"column":4},"end":{"line":1687,"column":5}},"725":{"start":{"line":1685,"column":6},"end":{"line":1685,"column":50}},"726":{"start":{"line":1686,"column":6},"end":{"line":1686,"column":82}},"727":{"start":{"line":1689,"column":4},"end":{"line":1691,"column":5}},"728":{"start":{"line":1690,"column":6},"end":{"line":1690,"column":62}},"729":{"start":{"line":1694,"column":17},"end":{"line":1694,"column":27}},"730":{"start":{"line":1695,"column":4},"end":{"line":1695,"column":85}},"731":{"start":{"line":1699,"column":0},"end":{"line":1764,"column":3}},"732":{"start":{"line":1700,"column":56},"end":{"line":1700,"column":64}},"733":{"start":{"line":1703,"column":2},"end":{"line":1705,"column":3}},"734":{"start":{"line":1704,"column":4},"end":{"line":1704,"column":69}},"735":{"start":{"line":1708,"column":2},"end":{"line":1717,"column":3}},"736":{"start":{"line":1714,"column":4},"end":{"line":1716,"column":7}},"737":{"start":{"line":1720,"column":2},"end":{"line":1722,"column":3}},"738":{"start":{"line":1721,"column":4},"end":{"line":1721,"column":92}},"739":{"start":{"line":1724,"column":2},"end":{"line":1763,"column":3}},"740":{"start":{"line":1726,"column":19},"end":{"line":1726,"column":30}},"741":{"start":{"line":1728,"column":4},"end":{"line":1757,"column":7}},"742":{"start":{"line":1729,"column":6},"end":{"line":1732,"column":7}},"743":{"start":{"line":1730,"column":8},"end":{"line":1730,"column":52}},"744":{"start":{"line":1731,"column":8},"end":{"line":1731,"column":84}},"745":{"start":{"line":1734,"column":6},"end":{"line":1736,"column":7}},"746":{"start":{"line":1735,"column":8},"end":{"line":1735,"column":64}},"747":{"start":{"line":1738,"column":19},"end":{"line":1738,"column":29}},"748":{"start":{"line":1739,"column":22},"end":{"line":1739,"column":77}},"749":{"start":{"line":1741,"column":6},"end":{"line":1743,"column":7}},"750":{"start":{"line":1742,"column":8},"end":{"line":1742,"column":75}},"751":{"start":{"line":1746,"column":32},"end":{"line":1746,"column":66}},"752":{"start":{"line":1749,"column":6},"end":{"line":1756,"column":9}},"753":{"start":{"line":1750,"column":8},"end":{"line":1753,"column":9}},"754":{"start":{"line":1751,"column":10},"end":{"line":1751,"column":57}},"755":{"start":{"line":1752,"column":10},"end":{"line":1752,"column":91}},"756":{"start":{"line":1755,"column":8},"end":{"line":1755,"column":79}},"757":{"start":{"line":1759,"column":4},"end":{"line":1759,"column":44}},"758":{"start":{"line":1760,"column":4},"end":{"line":1762,"column":7}},"759":{"start":{"line":1766,"column":0},"end":{"line":1795,"column":3}},"760":{"start":{"line":1767,"column":17},"end":{"line":1767,"column":28}},"761":{"start":{"line":1769,"column":16},"end":{"line":1775,"column":3}},"762":{"start":{"line":1777,"column":2},"end":{"line":1794,"column":5}},"763":{"start":{"line":1778,"column":6},"end":{"line":1781,"column":7}},"764":{"start":{"line":1779,"column":10},"end":{"line":1779,"column":62}},"765":{"start":{"line":1780,"column":10},"end":{"line":1780,"column":63}},"766":{"start":{"line":1784,"column":37},"end":{"line":1790,"column":9}},"767":{"start":{"line":1784,"column":72},"end":{"line":1790,"column":7}},"768":{"start":{"line":1793,"column":6},"end":{"line":1793,"column":39}},"769":{"start":{"line":1797,"column":0},"end":{"line":1852,"column":3}},"770":{"start":{"line":1798,"column":42},"end":{"line":1798,"column":50}},"771":{"start":{"line":1800,"column":2},"end":{"line":1802,"column":3}},"772":{"start":{"line":1801,"column":6},"end":{"line":1801,"column":61}},"773":{"start":{"line":1805,"column":16},"end":{"line":1805,"column":90}},"774":{"start":{"line":1807,"column":2},"end":{"line":1851,"column":5}},"775":{"start":{"line":1808,"column":6},"end":{"line":1811,"column":7}},"776":{"start":{"line":1809,"column":10},"end":{"line":1809,"column":62}},"777":{"start":{"line":1810,"column":10},"end":{"line":1810,"column":63}},"778":{"start":{"line":1814,"column":29},"end":{"line":1814,"column":44}},"779":{"start":{"line":1815,"column":24},"end":{"line":1815,"column":46}},"780":{"start":{"line":1817,"column":6},"end":{"line":1850,"column":9}},"781":{"start":{"line":1818,"column":10},"end":{"line":1821,"column":11}},"782":{"start":{"line":1819,"column":14},"end":{"line":1819,"column":58}},"783":{"start":{"line":1820,"column":14},"end":{"line":1820,"column":67}},"784":{"start":{"line":1823,"column":33},"end":{"line":1833,"column":12}},"785":{"start":{"line":1824,"column":14},"end":{"line":1832,"column":17}},"786":{"start":{"line":1825,"column":48},"end":{"line":1825,"column":121}},"787":{"start":{"line":1826,"column":18},"end":{"line":1831,"column":21}},"788":{"start":{"line":1827,"column":22},"end":{"line":1829,"column":23}},"789":{"start":{"line":1828,"column":26},"end":{"line":1828,"column":45}},"790":{"start":{"line":1830,"column":22},"end":{"line":1830,"column":32}},"791":{"start":{"line":1835,"column":10},"end":{"line":1849,"column":17}},"792":{"start":{"line":1838,"column":46},"end":{"line":1843,"column":19}},"793":{"start":{"line":1844,"column":18},"end":{"line":1844,"column":67}},"794":{"start":{"line":1845,"column":18},"end":{"line":1845,"column":38}},"795":{"start":{"line":1848,"column":18},"end":{"line":1848,"column":64}},"796":{"start":{"line":1855,"column":0},"end":{"line":1874,"column":3}},"797":{"start":{"line":1856,"column":25},"end":{"line":1856,"column":38}},"798":{"start":{"line":1857,"column":17},"end":{"line":1857,"column":28}},"799":{"start":{"line":1860,"column":16},"end":{"line":1860,"column":101}},"800":{"start":{"line":1862,"column":2},"end":{"line":1873,"column":5}},"801":{"start":{"line":1863,"column":6},"end":{"line":1866,"column":7}},"802":{"start":{"line":1864,"column":10},"end":{"line":1864,"column":73}},"803":{"start":{"line":1865,"column":10},"end":{"line":1865,"column":63}},"804":{"start":{"line":1868,"column":6},"end":{"line":1872,"column":7}},"805":{"start":{"line":1869,"column":10},"end":{"line":1869,"column":30}},"806":{"start":{"line":1871,"column":10},"end":{"line":1871,"column":57}},"807":{"start":{"line":1877,"column":0},"end":{"line":1906,"column":3}},"808":{"start":{"line":1878,"column":2},"end":{"line":1880,"column":3}},"809":{"start":{"line":1879,"column":4},"end":{"line":1879,"column":57}},"810":{"start":{"line":1882,"column":27},"end":{"line":1882,"column":35}},"811":{"start":{"line":1883,"column":18},"end":{"line":1883,"column":29}},"812":{"start":{"line":1884,"column":2},"end":{"line":1884,"column":37}},"813":{"start":{"line":1886,"column":16},"end":{"line":1890,"column":3}},"814":{"start":{"line":1892,"column":22},"end":{"line":1892,"column":23}},"815":{"start":{"line":1893,"column":2},"end":{"line":1897,"column":3}},"816":{"start":{"line":1894,"column":4},"end":{"line":1894,"column":26}},"817":{"start":{"line":1895,"column":9},"end":{"line":1897,"column":3}},"818":{"start":{"line":1896,"column":4},"end":{"line":1896,"column":26}},"819":{"start":{"line":1899,"column":2},"end":{"line":1905,"column":5}},"820":{"start":{"line":1900,"column":4},"end":{"line":1903,"column":5}},"821":{"start":{"line":1901,"column":6},"end":{"line":1901,"column":44}},"822":{"start":{"line":1902,"column":6},"end":{"line":1902,"column":69}},"823":{"start":{"line":1904,"column":4},"end":{"line":1904,"column":64}},"824":{"start":{"line":1908,"column":0},"end":{"line":1930,"column":3}},"825":{"start":{"line":1909,"column":2},"end":{"line":1911,"column":3}},"826":{"start":{"line":1910,"column":4},"end":{"line":1910,"column":69}},"827":{"start":{"line":1913,"column":18},"end":{"line":1913,"column":29}},"828":{"start":{"line":1914,"column":2},"end":{"line":1914,"column":49}},"829":{"start":{"line":1916,"column":2},"end":{"line":1929,"column":4}},"830":{"start":{"line":1920,"column":6},"end":{"line":1922,"column":7}},"831":{"start":{"line":1921,"column":8},"end":{"line":1921,"column":75}},"832":{"start":{"line":1923,"column":6},"end":{"line":1927,"column":7}},"833":{"start":{"line":1924,"column":8},"end":{"line":1924,"column":65}},"834":{"start":{"line":1926,"column":8},"end":{"line":1926,"column":60}},"835":{"start":{"line":1933,"column":0},"end":{"line":1940,"column":3}},"836":{"start":{"line":1934,"column":17},"end":{"line":1934,"column":48}},"837":{"start":{"line":1935,"column":2},"end":{"line":1939,"column":3}},"838":{"start":{"line":1936,"column":4},"end":{"line":1936,"column":25}},"839":{"start":{"line":1938,"column":4},"end":{"line":1938,"column":74}},"840":{"start":{"line":1943,"column":29},"end":{"line":1943,"column":63}},"841":{"start":{"line":1945,"column":0},"end":{"line":1965,"column":3}},"842":{"start":{"line":1946,"column":2},"end":{"line":1964,"column":3}},"843":{"start":{"line":1947,"column":33},"end":{"line":1947,"column":82}},"844":{"start":{"line":1948,"column":20},"end":{"line":1948,"column":57}},"845":{"start":{"line":1951,"column":21},"end":{"line":1955,"column":6}},"846":{"start":{"line":1957,"column":21},"end":{"line":1957,"column":34}},"847":{"start":{"line":1960,"column":4},"end":{"line":1960,"column":23}},"848":{"start":{"line":1962,"column":4},"end":{"line":1962,"column":65}},"849":{"start":{"line":1963,"column":4},"end":{"line":1963,"column":78}},"850":{"start":{"line":1967,"column":0},"end":{"line":1974,"column":3}},"851":{"start":{"line":1968,"column":2},"end":{"line":1968,"column":34}},"852":{"start":{"line":1971,"column":2},"end":{"line":1973,"column":5}},"853":{"start":{"line":1972,"column":4},"end":{"line":1972,"column":37}},"854":{"start":{"line":1978,"column":13},"end":{"line":1978,"column":37}},"855":{"start":{"line":1979,"column":0},"end":{"line":1981,"column":3}},"856":{"start":{"line":1980,"column":2},"end":{"line":1980,"column":51}},"857":{"start":{"line":1983,"column":0},"end":{"line":1983,"column":21}}},"fnMap":{"0":{"name":"(anonymous_0)","decl":{"start":{"line":60,"column":19},"end":{"line":60,"column":20}},"loc":{"start":{"line":60,"column":28},"end":{"line":66,"column":1}},"line":60},"1":{"name":"(anonymous_1)","decl":{"start":{"line":94,"column":4},"end":{"line":94,"column":5}},"loc":{"start":{"line":94,"column":56},"end":{"line":130,"column":5}},"line":94},"2":{"name":"(anonymous_2)","decl":{"start":{"line":99,"column":8},"end":{"line":99,"column":9}},"loc":{"start":{"line":99,"column":32},"end":{"line":128,"column":9}},"line":99},"3":{"name":"(anonymous_3)","decl":{"start":{"line":119,"column":14},"end":{"line":119,"column":15}},"loc":{"start":{"line":119,"column":31},"end":{"line":125,"column":15}},"line":119},"4":{"name":"(anonymous_4)","decl":{"start":{"line":135,"column":23},"end":{"line":135,"column":24}},"loc":{"start":{"line":135,"column":44},"end":{"line":137,"column":1}},"line":135},"5":{"name":"(anonymous_5)","decl":{"start":{"line":140,"column":25},"end":{"line":140,"column":26}},"loc":{"start":{"line":140,"column":44},"end":{"line":145,"column":1}},"line":140},"6":{"name":"(anonymous_6)","decl":{"start":{"line":141,"column":61},"end":{"line":141,"column":62}},"loc":{"start":{"line":141,"column":84},"end":{"line":144,"column":3}},"line":141},"7":{"name":"(anonymous_7)","decl":{"start":{"line":179,"column":2},"end":{"line":179,"column":3}},"loc":{"start":{"line":179,"column":16},"end":{"line":204,"column":3}},"line":179},"8":{"name":"(anonymous_8)","decl":{"start":{"line":186,"column":6},"end":{"line":186,"column":7}},"loc":{"start":{"line":186,"column":32},"end":{"line":202,"column":7}},"line":186},"9":{"name":"(anonymous_9)","decl":{"start":{"line":211,"column":2},"end":{"line":211,"column":3}},"loc":{"start":{"line":211,"column":34},"end":{"line":229,"column":3}},"line":211},"10":{"name":"(anonymous_10)","decl":{"start":{"line":212,"column":69},"end":{"line":212,"column":70}},"loc":{"start":{"line":212,"column":87},"end":{"line":228,"column":5}},"line":212},"11":{"name":"(anonymous_11)","decl":{"start":{"line":220,"column":46},"end":{"line":220,"column":47}},"loc":{"start":{"line":220,"column":69},"end":{"line":227,"column":7}},"line":220},"12":{"name":"ensureAuthenticated","decl":{"start":{"line":232,"column":9},"end":{"line":232,"column":28}},"loc":{"start":{"line":232,"column":45},"end":{"line":237,"column":1}},"line":232},"13":{"name":"(anonymous_13)","decl":{"start":{"line":240,"column":19},"end":{"line":240,"column":20}},"loc":{"start":{"line":240,"column":33},"end":{"line":242,"column":1}},"line":240},"14":{"name":"(anonymous_14)","decl":{"start":{"line":245,"column":18},"end":{"line":245,"column":19}},"loc":{"start":{"line":245,"column":32},"end":{"line":247,"column":1}},"line":245},"15":{"name":"(anonymous_15)","decl":{"start":{"line":250,"column":20},"end":{"line":250,"column":21}},"loc":{"start":{"line":250,"column":40},"end":{"line":300,"column":1}},"line":250},"16":{"name":"(anonymous_16)","decl":{"start":{"line":258,"column":6},"end":{"line":258,"column":7}},"loc":{"start":{"line":258,"column":30},"end":{"line":292,"column":7}},"line":258},"17":{"name":"(anonymous_17)","decl":{"start":{"line":278,"column":10},"end":{"line":278,"column":11}},"loc":{"start":{"line":278,"column":27},"end":{"line":290,"column":11}},"line":278},"18":{"name":"(anonymous_18)","decl":{"start":{"line":302,"column":25},"end":{"line":302,"column":26}},"loc":{"start":{"line":302,"column":45},"end":{"line":352,"column":1}},"line":302},"19":{"name":"(anonymous_19)","decl":{"start":{"line":311,"column":6},"end":{"line":311,"column":7}},"loc":{"start":{"line":311,"column":30},"end":{"line":344,"column":7}},"line":311},"20":{"name":"(anonymous_20)","decl":{"start":{"line":331,"column":10},"end":{"line":331,"column":11}},"loc":{"start":{"line":331,"column":27},"end":{"line":342,"column":11}},"line":331},"21":{"name":"(anonymous_21)","decl":{"start":{"line":355,"column":19},"end":{"line":355,"column":20}},"loc":{"start":{"line":355,"column":39},"end":{"line":398,"column":1}},"line":355},"22":{"name":"(anonymous_22)","decl":{"start":{"line":356,"column":33},"end":{"line":356,"column":34}},"loc":{"start":{"line":356,"column":54},"end":{"line":397,"column":3}},"line":356},"23":{"name":"(anonymous_23)","decl":{"start":{"line":366,"column":20},"end":{"line":366,"column":21}},"loc":{"start":{"line":366,"column":29},"end":{"line":396,"column":5}},"line":366},"24":{"name":"(anonymous_24)","decl":{"start":{"line":372,"column":33},"end":{"line":372,"column":34}},"loc":{"start":{"line":372,"column":39},"end":{"line":387,"column":7}},"line":372},"25":{"name":"(anonymous_25)","decl":{"start":{"line":375,"column":86},"end":{"line":375,"column":87}},"loc":{"start":{"line":375,"column":112},"end":{"line":382,"column":11}},"line":375},"26":{"name":"(anonymous_26)","decl":{"start":{"line":390,"column":23},"end":{"line":390,"column":24}},"loc":{"start":{"line":390,"column":32},"end":{"line":395,"column":7}},"line":390},"27":{"name":"(anonymous_27)","decl":{"start":{"line":413,"column":46},"end":{"line":413,"column":47}},"loc":{"start":{"line":413,"column":60},"end":{"line":440,"column":1}},"line":413},"28":{"name":"(anonymous_28)","decl":{"start":{"line":422,"column":6},"end":{"line":422,"column":7}},"loc":{"start":{"line":422,"column":21},"end":{"line":435,"column":7}},"line":422},"29":{"name":"(anonymous_29)","decl":{"start":{"line":442,"column":20},"end":{"line":442,"column":21}},"loc":{"start":{"line":442,"column":34},"end":{"line":451,"column":1}},"line":442},"30":{"name":"(anonymous_30)","decl":{"start":{"line":443,"column":13},"end":{"line":443,"column":14}},"loc":{"start":{"line":443,"column":27},"end":{"line":450,"column":3}},"line":443},"31":{"name":"(anonymous_31)","decl":{"start":{"line":447,"column":24},"end":{"line":447,"column":25}},"loc":{"start":{"line":447,"column":30},"end":{"line":449,"column":5}},"line":447},"32":{"name":"(anonymous_32)","decl":{"start":{"line":453,"column":53},"end":{"line":453,"column":54}},"loc":{"start":{"line":453,"column":67},"end":{"line":499,"column":1}},"line":453},"33":{"name":"(anonymous_33)","decl":{"start":{"line":466,"column":43},"end":{"line":466,"column":44}},"loc":{"start":{"line":466,"column":60},"end":{"line":498,"column":3}},"line":466},"34":{"name":"(anonymous_34)","decl":{"start":{"line":492,"column":74},"end":{"line":492,"column":75}},"loc":{"start":{"line":492,"column":91},"end":{"line":497,"column":7}},"line":492},"35":{"name":"(anonymous_35)","decl":{"start":{"line":502,"column":25},"end":{"line":502,"column":26}},"loc":{"start":{"line":502,"column":39},"end":{"line":509,"column":1}},"line":502},"36":{"name":"(anonymous_36)","decl":{"start":{"line":511,"column":23},"end":{"line":511,"column":24}},"loc":{"start":{"line":511,"column":37},"end":{"line":518,"column":1}},"line":511},"37":{"name":"(anonymous_37)","decl":{"start":{"line":520,"column":25},"end":{"line":520,"column":26}},"loc":{"start":{"line":520,"column":39},"end":{"line":534,"column":1}},"line":520},"38":{"name":"(anonymous_38)","decl":{"start":{"line":537,"column":35},"end":{"line":537,"column":36}},"loc":{"start":{"line":537,"column":49},"end":{"line":559,"column":1}},"line":537},"39":{"name":"(anonymous_39)","decl":{"start":{"line":545,"column":6},"end":{"line":545,"column":7}},"loc":{"start":{"line":545,"column":23},"end":{"line":554,"column":7}},"line":545},"40":{"name":"(anonymous_40)","decl":{"start":{"line":562,"column":49},"end":{"line":562,"column":50}},"loc":{"start":{"line":562,"column":63},"end":{"line":582,"column":1}},"line":562},"41":{"name":"(anonymous_41)","decl":{"start":{"line":574,"column":54},"end":{"line":574,"column":55}},"loc":{"start":{"line":574,"column":72},"end":{"line":581,"column":3}},"line":574},"42":{"name":"(anonymous_42)","decl":{"start":{"line":585,"column":64},"end":{"line":585,"column":65}},"loc":{"start":{"line":585,"column":78},"end":{"line":609,"column":1}},"line":585},"43":{"name":"(anonymous_43)","decl":{"start":{"line":596,"column":43},"end":{"line":596,"column":44}},"loc":{"start":{"line":596,"column":61},"end":{"line":608,"column":3}},"line":596},"44":{"name":"(anonymous_44)","decl":{"start":{"line":612,"column":57},"end":{"line":612,"column":58}},"loc":{"start":{"line":612,"column":71},"end":{"line":787,"column":1}},"line":612},"45":{"name":"(anonymous_45)","decl":{"start":{"line":622,"column":40},"end":{"line":622,"column":41}},"loc":{"start":{"line":622,"column":60},"end":{"line":736,"column":3}},"line":622},"46":{"name":"(anonymous_46)","decl":{"start":{"line":632,"column":34},"end":{"line":632,"column":35}},"loc":{"start":{"line":632,"column":41},"end":{"line":735,"column":7}},"line":632},"47":{"name":"(anonymous_47)","decl":{"start":{"line":650,"column":28},"end":{"line":650,"column":29}},"loc":{"start":{"line":650,"column":45},"end":{"line":734,"column":11}},"line":650},"48":{"name":"(anonymous_48)","decl":{"start":{"line":671,"column":117},"end":{"line":671,"column":118}},"loc":{"start":{"line":671,"column":135},"end":{"line":733,"column":15}},"line":671},"49":{"name":"(anonymous_49)","decl":{"start":{"line":673,"column":49},"end":{"line":673,"column":50}},"loc":{"start":{"line":673,"column":55},"end":{"line":676,"column":23}},"line":673},"50":{"name":"(anonymous_50)","decl":{"start":{"line":682,"column":53},"end":{"line":682,"column":54}},"loc":{"start":{"line":682,"column":59},"end":{"line":692,"column":27}},"line":682},"51":{"name":"(anonymous_51)","decl":{"start":{"line":703,"column":25},"end":{"line":703,"column":26}},"loc":{"start":{"line":703,"column":42},"end":{"line":731,"column":23}},"line":703},"52":{"name":"(anonymous_52)","decl":{"start":{"line":705,"column":57},"end":{"line":705,"column":58}},"loc":{"start":{"line":705,"column":63},"end":{"line":708,"column":31}},"line":705},"53":{"name":"(anonymous_53)","decl":{"start":{"line":712,"column":48},"end":{"line":712,"column":49}},"loc":{"start":{"line":712,"column":55},"end":{"line":729,"column":31}},"line":712},"54":{"name":"(anonymous_54)","decl":{"start":{"line":714,"column":65},"end":{"line":714,"column":66}},"loc":{"start":{"line":714,"column":71},"end":{"line":717,"column":39}},"line":714},"55":{"name":"(anonymous_55)","decl":{"start":{"line":721,"column":77},"end":{"line":721,"column":78}},"loc":{"start":{"line":721,"column":86},"end":{"line":728,"column":35}},"line":721},"56":{"name":"handleResponse","decl":{"start":{"line":738,"column":11},"end":{"line":738,"column":25}},"loc":{"start":{"line":738,"column":81},"end":{"line":786,"column":3}},"line":738},"57":{"name":"(anonymous_57)","decl":{"start":{"line":740,"column":26},"end":{"line":740,"column":27}},"loc":{"start":{"line":740,"column":32},"end":{"line":754,"column":7}},"line":740},"58":{"name":"(anonymous_58)","decl":{"start":{"line":756,"column":24},"end":{"line":756,"column":25}},"loc":{"start":{"line":756,"column":31},"end":{"line":784,"column":7}},"line":756},"59":{"name":"(anonymous_59)","decl":{"start":{"line":758,"column":37},"end":{"line":758,"column":38}},"loc":{"start":{"line":758,"column":43},"end":{"line":764,"column":11}},"line":758},"60":{"name":"(anonymous_60)","decl":{"start":{"line":769,"column":51},"end":{"line":769,"column":52}},"loc":{"start":{"line":769,"column":60},"end":{"line":783,"column":9}},"line":769},"61":{"name":"(anonymous_61)","decl":{"start":{"line":789,"column":60},"end":{"line":789,"column":61}},"loc":{"start":{"line":789,"column":74},"end":{"line":943,"column":1}},"line":789},"62":{"name":"(anonymous_62)","decl":{"start":{"line":796,"column":30},"end":{"line":796,"column":31}},"loc":{"start":{"line":796,"column":37},"end":{"line":942,"column":3}},"line":796},"63":{"name":"(anonymous_63)","decl":{"start":{"line":808,"column":80},"end":{"line":808,"column":81}},"loc":{"start":{"line":808,"column":111},"end":{"line":941,"column":5}},"line":808},"64":{"name":"(anonymous_64)","decl":{"start":{"line":810,"column":35},"end":{"line":810,"column":36}},"loc":{"start":{"line":810,"column":41},"end":{"line":813,"column":9}},"line":810},"65":{"name":"(anonymous_65)","decl":{"start":{"line":817,"column":35},"end":{"line":817,"column":36}},"loc":{"start":{"line":817,"column":41},"end":{"line":819,"column":9}},"line":817},"66":{"name":"(anonymous_66)","decl":{"start":{"line":830,"column":60},"end":{"line":830,"column":61}},"loc":{"start":{"line":830,"column":80},"end":{"line":940,"column":7}},"line":830},"67":{"name":"(anonymous_67)","decl":{"start":{"line":832,"column":37},"end":{"line":832,"column":38}},"loc":{"start":{"line":832,"column":43},"end":{"line":835,"column":11}},"line":832},"68":{"name":"(anonymous_68)","decl":{"start":{"line":839,"column":37},"end":{"line":839,"column":38}},"loc":{"start":{"line":839,"column":43},"end":{"line":841,"column":11}},"line":839},"69":{"name":"(anonymous_69)","decl":{"start":{"line":852,"column":109},"end":{"line":852,"column":110}},"loc":{"start":{"line":852,"column":129},"end":{"line":939,"column":9}},"line":852},"70":{"name":"(anonymous_70)","decl":{"start":{"line":854,"column":39},"end":{"line":854,"column":40}},"loc":{"start":{"line":854,"column":45},"end":{"line":857,"column":13}},"line":854},"71":{"name":"(anonymous_71)","decl":{"start":{"line":861,"column":39},"end":{"line":861,"column":40}},"loc":{"start":{"line":861,"column":45},"end":{"line":863,"column":13}},"line":861},"72":{"name":"(anonymous_72)","decl":{"start":{"line":882,"column":41},"end":{"line":882,"column":42}},"loc":{"start":{"line":882,"column":47},"end":{"line":885,"column":15}},"line":882},"73":{"name":"(anonymous_73)","decl":{"start":{"line":901,"column":13},"end":{"line":901,"column":14}},"loc":{"start":{"line":901,"column":30},"end":{"line":938,"column":11}},"line":901},"74":{"name":"(anonymous_74)","decl":{"start":{"line":903,"column":41},"end":{"line":903,"column":42}},"loc":{"start":{"line":903,"column":47},"end":{"line":906,"column":15}},"line":903},"75":{"name":"(anonymous_75)","decl":{"start":{"line":915,"column":59},"end":{"line":915,"column":60}},"loc":{"start":{"line":915,"column":68},"end":{"line":937,"column":13}},"line":915},"76":{"name":"(anonymous_76)","decl":{"start":{"line":917,"column":43},"end":{"line":917,"column":44}},"loc":{"start":{"line":917,"column":49},"end":{"line":920,"column":17}},"line":917},"77":{"name":"(anonymous_77)","decl":{"start":{"line":924,"column":32},"end":{"line":924,"column":33}},"loc":{"start":{"line":924,"column":39},"end":{"line":936,"column":15}},"line":924},"78":{"name":"(anonymous_78)","decl":{"start":{"line":926,"column":45},"end":{"line":926,"column":46}},"loc":{"start":{"line":926,"column":51},"end":{"line":929,"column":19}},"line":926},"79":{"name":"(anonymous_79)","decl":{"start":{"line":945,"column":50},"end":{"line":945,"column":51}},"loc":{"start":{"line":945,"column":64},"end":{"line":964,"column":1}},"line":945},"80":{"name":"(anonymous_80)","decl":{"start":{"line":952,"column":51},"end":{"line":952,"column":52}},"loc":{"start":{"line":952,"column":69},"end":{"line":963,"column":3}},"line":952},"81":{"name":"(anonymous_81)","decl":{"start":{"line":967,"column":56},"end":{"line":967,"column":57}},"loc":{"start":{"line":967,"column":70},"end":{"line":1051,"column":1}},"line":967},"82":{"name":"(anonymous_82)","decl":{"start":{"line":977,"column":57},"end":{"line":977,"column":58}},"loc":{"start":{"line":977,"column":77},"end":{"line":1050,"column":3}},"line":977},"83":{"name":"(anonymous_83)","decl":{"start":{"line":998,"column":70},"end":{"line":998,"column":71}},"loc":{"start":{"line":998,"column":99},"end":{"line":1049,"column":5}},"line":998},"84":{"name":"(anonymous_84)","decl":{"start":{"line":1008,"column":73},"end":{"line":1008,"column":74}},"loc":{"start":{"line":1008,"column":99},"end":{"line":1016,"column":9}},"line":1008},"85":{"name":"(anonymous_85)","decl":{"start":{"line":1026,"column":72},"end":{"line":1026,"column":73}},"loc":{"start":{"line":1026,"column":101},"end":{"line":1048,"column":7}},"line":1026},"86":{"name":"(anonymous_86)","decl":{"start":{"line":1036,"column":75},"end":{"line":1036,"column":76}},"loc":{"start":{"line":1036,"column":101},"end":{"line":1044,"column":11}},"line":1036},"87":{"name":"(anonymous_87)","decl":{"start":{"line":1053,"column":49},"end":{"line":1053,"column":50}},"loc":{"start":{"line":1053,"column":63},"end":{"line":1066,"column":1}},"line":1053},"88":{"name":"(anonymous_88)","decl":{"start":{"line":1057,"column":36},"end":{"line":1057,"column":37}},"loc":{"start":{"line":1057,"column":56},"end":{"line":1065,"column":3}},"line":1057},"89":{"name":"(anonymous_89)","decl":{"start":{"line":1068,"column":56},"end":{"line":1068,"column":57}},"loc":{"start":{"line":1068,"column":70},"end":{"line":1081,"column":1}},"line":1068},"90":{"name":"(anonymous_90)","decl":{"start":{"line":1072,"column":36},"end":{"line":1072,"column":37}},"loc":{"start":{"line":1072,"column":56},"end":{"line":1080,"column":3}},"line":1072},"91":{"name":"(anonymous_91)","decl":{"start":{"line":1083,"column":54},"end":{"line":1083,"column":55}},"loc":{"start":{"line":1083,"column":68},"end":{"line":1101,"column":1}},"line":1083},"92":{"name":"(anonymous_92)","decl":{"start":{"line":1088,"column":36},"end":{"line":1088,"column":37}},"loc":{"start":{"line":1088,"column":56},"end":{"line":1100,"column":3}},"line":1088},"93":{"name":"(anonymous_93)","decl":{"start":{"line":1105,"column":42},"end":{"line":1105,"column":43}},"loc":{"start":{"line":1105,"column":56},"end":{"line":1122,"column":1}},"line":1105},"94":{"name":"(anonymous_94)","decl":{"start":{"line":1115,"column":73},"end":{"line":1115,"column":74}},"loc":{"start":{"line":1115,"column":90},"end":{"line":1121,"column":3}},"line":1115},"95":{"name":"(anonymous_95)","decl":{"start":{"line":1124,"column":41},"end":{"line":1124,"column":42}},"loc":{"start":{"line":1124,"column":55},"end":{"line":1145,"column":1}},"line":1124},"96":{"name":"(anonymous_96)","decl":{"start":{"line":1136,"column":37},"end":{"line":1136,"column":38}},"loc":{"start":{"line":1136,"column":55}
[...]
e":1585,"column":5}},"type":"if","locations":[{"start":{"line":1583,"column":4},"end":{"line":1585,"column":5}},{"start":{},"end":{}}],"line":1583},"125":{"loc":{"start":{"line":1588,"column":6},"end":{"line":1593,"column":7}},"type":"if","locations":[{"start":{"line":1588,"column":6},"end":{"line":1593,"column":7}},{"start":{},"end":{}}],"line":1588},"126":{"loc":{"start":{"line":1597,"column":8},"end":{"line":1602,"column":9}},"type":"if","locations":[{"start":{"line":1597,"column":8},"end":{"line":1602,"column":9}},{"start":{},"end":{}}],"line":1597},"127":{"loc":{"start":{"line":1604,"column":22},"end":{"line":1604,"column":44}},"type":"binary-expr","locations":[{"start":{"line":1604,"column":22},"end":{"line":1604,"column":39}},{"start":{"line":1604,"column":43},"end":{"line":1604,"column":44}}],"line":1604},"128":{"loc":{"start":{"line":1609,"column":10},"end":{"line":1614,"column":11}},"type":"if","locations":[{"start":{"line":1609,"column":10},"end":{"line":1614,"column":11}},{"start":{},"end":{}}],"line":1609},"129":{"loc":{"start":{"line":1617,"column":12},"end":{"line":1622,"column":13}},"type":"if","locations":[{"start":{"line":1617,"column":12},"end":{"line":1622,"column":13}},{"start":{},"end":{}}],"line":1617},"130":{"loc":{"start":{"line":1635,"column":6},"end":{"line":1637,"column":7}},"type":"if","locations":[{"start":{"line":1635,"column":6},"end":{"line":1637,"column":7}},{"start":{},"end":{}}],"line":1635},"131":{"loc":{"start":{"line":1645,"column":2},"end":{"line":1650,"column":3}},"type":"switch","locations":[{"start":{"line":1646,"column":6},"end":{"line":1646,"column":42}},{"start":{"line":1647,"column":6},"end":{"line":1647,"column":38}},{"start":{"line":1648,"column":6},"end":{"line":1648,"column":39}},{"start":{"line":1649,"column":6},"end":{"line":1649,"column":33}}],"line":1645},"132":{"loc":{"start":{"line":1654,"column":2},"end":{"line":1659,"column":3}},"type":"switch","locations":[{"start":{"line":1655,"column":6},"end":{"line":1655,"column":42}},{"start":{"line":1656,"column":6},"end":{"line":1656,"column":38}},{"start":{"line":1657,"column":6},"end":{"line":1657,"column":39}},{"start":{"line":1658,"column":6},"end":{"line":1658,"column":33}}],"line":1654},"133":{"loc":{"start":{"line":1662,"column":2},"end":{"line":1667,"column":3}},"type":"if","locations":[{"start":{"line":1662,"column":2},"end":{"line":1667,"column":3}},{"start":{"line":1665,"column":9},"end":{"line":1667,"column":3}}],"line":1662},"134":{"loc":{"start":{"line":1671,"column":2},"end":{"line":1676,"column":3}},"type":"if","locations":[{"start":{"line":1671,"column":2},"end":{"line":1676,"column":3}},{"start":{"line":1674,"column":9},"end":{"line":1676,"column":3}}],"line":1671},"135":{"loc":{"start":{"line":1684,"column":4},"end":{"line":1687,"column":5}},"type":"if","locations":[{"start":{"line":1684,"column":4},"end":{"line":1687,"column":5}},{"start":{},"end":{}}],"line":1684},"136":{"loc":{"start":{"line":1689,"column":4},"end":{"line":1691,"column":5}},"type":"if","locations":[{"start":{"line":1689,"column":4},"end":{"line":1691,"column":5}},{"start":{},"end":{}}],"line":1689},"137":{"loc":{"start":{"line":1703,"column":2},"end":{"line":1705,"column":3}},"type":"if","locations":[{"start":{"line":1703,"column":2},"end":{"line":1705,"column":3}},{"start":{},"end":{}}],"line":1703},"138":{"loc":{"start":{"line":1703,"column":6},"end":{"line":1703,"column":54}},"type":"binary-expr","locations":[{"start":{"line":1703,"column":6},"end":{"line":1703,"column":18}},{"start":{"line":1703,"column":22},"end":{"line":1703,"column":34}},{"start":{"line":1703,"column":38},"end":{"line":1703,"column":54}}],"line":1703},"139":{"loc":{"start":{"line":1708,"column":2},"end":{"line":1717,"column":3}},"type":"if","locations":[{"start":{"line":1708,"column":2},"end":{"line":1717,"column":3}},{"start":{},"end":{}}],"line":1708},"140":{"loc":{"start":{"line":1709,"column":4},"end":{"line":1712,"column":35}},"type":"binary-expr","locations":[{"start":{"line":1709,"column":4},"end":{"line":1709,"column":26}},{"start":{"line":1710,"column":4},"end":{"line":1710,"column":30}},{"start":{"line":1711,"column":4},"end":{"line":1711,"column":30}},{"start":{"line":1712,"column":4},"end":{"line":1712,"column":35}}],"line":1709},"141":{"loc":{"start":{"line":1720,"column":2},"end":{"line":1722,"column":3}},"type":"if","locations":[{"start":{"line":1720,"column":2},"end":{"line":1722,"column":3}},{"start":{},"end":{}}],"line":1720},"142":{"loc":{"start":{"line":1729,"column":6},"end":{"line":1732,"column":7}},"type":"if","locations":[{"start":{"line":1729,"column":6},"end":{"line":1732,"column":7}},{"start":{},"end":{}}],"line":1729},"143":{"loc":{"start":{"line":1734,"column":6},"end":{"line":1736,"column":7}},"type":"if","locations":[{"start":{"line":1734,"column":6},"end":{"line":1736,"column":7}},{"start":{},"end":{}}],"line":1734},"144":{"loc":{"start":{"line":1741,"column":6},"end":{"line":1743,"column":7}},"type":"if","locations":[{"start":{"line":1741,"column":6},"end":{"line":1743,"column":7}},{"start":{},"end":{}}],"line":1741},"145":{"loc":{"start":{"line":1750,"column":8},"end":{"line":1753,"column":9}},"type":"if","locations":[{"start":{"line":1750,"column":8},"end":{"line":1753,"column":9}},{"start":{},"end":{}}],"line":1750},"146":{"loc":{"start":{"line":1778,"column":6},"end":{"line":1781,"column":7}},"type":"if","locations":[{"start":{"line":1778,"column":6},"end":{"line":1781,"column":7}},{"start":{},"end":{}}],"line":1778},"147":{"loc":{"start":{"line":1788,"column":19},"end":{"line":1788,"column":70}},"type":"cond-expr","locations":[{"start":{"line":1788,"column":42},"end":{"line":1788,"column":62}},{"start":{"line":1788,"column":65},"end":{"line":1788,"column":70}}],"line":1788},"148":{"loc":{"start":{"line":1800,"column":2},"end":{"line":1802,"column":3}},"type":"if","locations":[{"start":{"line":1800,"column":2},"end":{"line":1802,"column":3}},{"start":{},"end":{}}],"line":1800},"149":{"loc":{"start":{"line":1800,"column":6},"end":{"line":1800,"column":40}},"type":"binary-expr","locations":[{"start":{"line":1800,"column":6},"end":{"line":1800,"column":12}},{"start":{"line":1800,"column":16},"end":{"line":1800,"column":24}},{"start":{"line":1800,"column":28},"end":{"line":1800,"column":40}}],"line":1800},"150":{"loc":{"start":{"line":1808,"column":6},"end":{"line":1811,"column":7}},"type":"if","locations":[{"start":{"line":1808,"column":6},"end":{"line":1811,"column":7}},{"start":{},"end":{}}],"line":1808},"151":{"loc":{"start":{"line":1818,"column":10},"end":{"line":1821,"column":11}},"type":"if","locations":[{"start":{"line":1818,"column":10},"end":{"line":1821,"column":11}},{"start":{},"end":{}}],"line":1818},"152":{"loc":{"start":{"line":1827,"column":22},"end":{"line":1829,"column":23}},"type":"if","locations":[{"start":{"line":1827,"column":22},"end":{"line":1829,"column":23}},{"start":{},"end":{}}],"line":1827},"153":{"loc":{"start":{"line":1863,"column":6},"end":{"line":1866,"column":7}},"type":"if","locations":[{"start":{"line":1863,"column":6},"end":{"line":1866,"column":7}},{"start":{},"end":{}}],"line":1863},"154":{"loc":{"start":{"line":1868,"column":6},"end":{"line":1872,"column":7}},"type":"if","locations":[{"start":{"line":1868,"column":6},"end":{"line":1872,"column":7}},{"start":{"line":1870,"column":13},"end":{"line":1872,"column":7}}],"line":1868},"155":{"loc":{"start":{"line":1878,"column":2},"end":{"line":1880,"column":3}},"type":"if","locations":[{"start":{"line":1878,"column":2},"end":{"line":1880,"column":3}},{"start":{},"end":{}}],"line":1878},"156":{"loc":{"start":{"line":1893,"column":2},"end":{"line":1897,"column":3}},"type":"if","locations":[{"start":{"line":1893,"column":2},"end":{"line":1897,"column":3}},{"start":{"line":1895,"column":9},"end":{"line":1897,"column":3}}],"line":1893},"157":{"loc":{"start":{"line":1895,"column":9},"end":{"line":1897,"column":3}},"type":"if","locations":[{"start":{"line":1895,"column":9},"end":{"line":1897,"column":3}},{"start":{},"end":{}}],"line":1895},"158":{"loc":{"start":{"line":1900,"column":4},"end":{"line":1903,"column":5}},"type":"if","locations":[{"start":{"line":1900,"column":4},"end":{"line":1903,"column":5}},{"start":{},"end":{}}],"line":1900},"159":{"loc":{"start":{"line":1909,"column":2},"end":{"line":1911,"column":3}},"type":"if","locations":[{"start":{"line":1909,"column":2},"end":{"line":1911,"column":3}},{"start":{},"end":{}}],"line":1909},"160":{"loc":{"start":{"line":1920,"column":6},"end":{"line":1922,"column":7}},"type":"if","locations":[{"start":{"line":1920,"column":6},"end":{"line":1922,"column":7}},{"start":{},"end":{}}],"line":1920},"161":{"loc":{"start":{"line":1923,"column":6},"end":{"line":1927,"column":7}},"type":"if","locations":[{"start":{"line":1923,"column":6},"end":{"line":1927,"column":7}},{"start":{"line":1925,"column":13},"end":{"line":1927,"column":7}}],"line":1923},"162":{"loc":{"start":{"line":1935,"column":2},"end":{"line":1939,"column":3}},"type":"if","locations":[{"start":{"line":1935,"column":2},"end":{"line":1939,"column":3}},{"start":{"line":1937,"column":9},"end":{"line":1939,"column":3}}],"line":1935},"163":{"loc":{"start":{"line":1948,"column":20},"end":{"line":1948,"column":57}},"type":"binary-expr","locations":[{"start":{"line":1948,"column":20},"end":{"line":1948,"column":37}},{"start":{"line":1948,"column":41},"end":{"line":1948,"column":57}}],"line":1948},"164":{"loc":{"start":{"line":1978,"column":13},"end":{"line":1978,"column":37}},"type":"binary-expr","locations":[{"start":{"line":1978,"column":13},"end":{"line":1978,"column":29}},{"start":{"line":1978,"column":33},"end":{"line":1978,"column":37}}],"line":1978}},"s":{"0":1,"1":1,"2":1,"3":1,"4":1,"5":1,"6":1,"7":1,"8":1,"9":1,"10":1,"11":1,"12":1,"13":1,"14":1,"15":1,"16":1,"17":1,"18":1,"19":1,"20":1,"21":1,"22":1,"23":1,"24":1,"25":0,"26":0,"27":1,"28":1,"29":1,"30":1,"31":1,"32":1,"33":0,"34":0,"35":0,"36":0,"37":0,"38":0,"39":0,"40":0,"41":0,"42":0,"43":0,"44":1,"45":0,"46":1,"47":0,"48":0,"49":0,"50":0,"51":1,"52":1,"53":1,"54":1,"55":1,"56":1,"57":1,"58":0,"59":0,"60":0,"61":0,"62":0,"63":0,"64":0,"65":0,"66":0,"67":1,"68":1,"69":0,"70":0,"71":0,"72":0,"73":0,"74":0,"75":0,"76":0,"77":0,"78":0,"79":0,"80":0,"81":0,"82":0,"83":0,"84":1,"85":0,"86":1,"87":0,"88":1,"89":0,"90":0,"91":0,"92":0,"93":0,"94":0,"95":0,"96":0,"97":0,"98":0,"99":0,"100":0,"101":0,"102":0,"103":0,"104":0,"105":0,"106":0,"107":0,"108":0,"109":1,"110":0,"111":0,"112":0,"113":0,"114":0,"115":0,"116":0,"117":0,"118":0,"119":0,"120":0,"121":0,"122":0,"123":0,"124":0,"125":0,"126":0,"127":0,"128":0,"129":0,"130":1,"131":0,"132":0,"133":0,"134":0,"135":0,"136":0,"137":0,"138":0,"139":0,"140":0,"141":0,"142":0,"143":0,"144":0,"145":0,"146":0,"147":0,"148":0,"149":0,"150":0,"151":1,"152":0,"153":0,"154":0,"155":0,"156":0,"157":0,"158":0,"159":0,"160":0,"161":1,"162":0,"163":0,"164":0,"165":0,"166":0,"167":1,"168":0,"169":0,"170":0,"171":0,"172":0,"173":0,"174":0,"175":0,"176":0,"177":0,"178":0,"179":0,"180":0,"181":0,"182":0,"183":0,"184":0,"185":0,"186":0,"187":0,"188":1,"189":0,"190":0,"191":0,"192":0,"193":1,"194":0,"195":0,"196":0,"197":1,"198":0,"199":0,"200":0,"201":0,"202":1,"203":0,"204":0,"205":0,"206":0,"207":0,"208":0,"209":0,"210":0,"211":0,"212":1,"213":0,"214":0,"215":0,"216":0,"217":0,"218":0,"219":0,"220":0,"221":1,"222":0,"223":0,"224":0,"225":0,"226":0,"227":0,"228":0,"229":0,"230":0,"231":1,"232":0,"233":0,"234":0,"235":0,"236":0,"237":0,"238":0,"239":0,"240":0,"241":0,"242":0,"243":0,"244":0,"245":0,"246":0,"247":0,"248":0,"249":0,"250":0,"251":0,"252":0,"253":0,"254":0,"255":0,"256":0,"257":0,"258":0,"259":0,"260":0,"261":0,"262":0,"263":0,"264":0,"265":0,"266":0,"267":0,"268":0,"269":0,"270":0,"271":0,"272":0,"273":0,"274":0,"275":0,"276":0,"277":0,"278":0,"279":0,"280":0,"281":0,"282":0,"283":0,"284":0,"285":0,"286":0,"287":0,"288":0,"289":0,"290":0,"291":0,"292":0,"293":0,"294":0,"295":0,"296":0,"297":0,"298":0,"299":0,"300":0,"301":0,"302":0,"303":0,"304":0,"305":0,"306":0,"307":1,"308":0,"309":0,"310":0,"311":0,"312":0,"313":0,"314":0,"315":0,"316":0,"317":0,"318":0,"319":0,"320":0,"321":0,"322":0,"323":0,"324":0,"325":0,"326":0,"327":0,"328":0,"329":0,"330":0,"331":0,"332":0,"333":0,"334":0,"335":0,"336":0,"337":0,"338":0,"339":0,"340":0,"341":0,"342":0,"343":0,"344":0,"345":0,"346":0,"347":0,"348":0,"349":0,"350":0,"351":0,"352":0,"353":0,"354":0,"355":0,"356":0,"357":0,"358":0,"359":0,"360":0,"361":0,"362":0,"363":0,"364":0,"365":0,"366":0,"367":0,"368":0,"369":0,"370":0,"371":0,"372":0,"373":0,"374":0,"375":0,"376":1,"377":0,"378":0,"379":0,"380":0,"381":0,"382":0,"383":0,"384":0,"385":0,"386":1,"387":0,"388":0,"389":0,"390":0,"391":0,"392":0,"393":0,"394":0,"395":0,"396":0,"397":0,"398":0,"399":0,"400":0,"401":0,"402":0,"403":0,"404":0,"405":0,"406":0,"407":0,"408":0,"409":0,"410":0,"411":0,"412":0,"413":0,"414":0,"415":0,"416":0,"417":0,"418":0,"419":0,"420":0,"421":0,"422":0,"423":0,"424":0,"425":0,"426":0,"427":1,"428":0,"429":0,"430":0,"431":0,"432":0,"433":0,"434":0,"435":0,"436":1,"437":0,"438":0,"439":0,"440":0,"441":0,"442":0,"443":0,"444":0,"445":1,"446":0,"447":0,"448":0,"449":0,"450":0,"451":0,"452":0,"453":0,"454":0,"455":0,"456":1,"457":0,"458":0,"459":0,"460":0,"461":0,"462":0,"463":0,"464":1,"465":0,"466":0,"467":0,"468":0,"469":0,"470":0,"471":0,"472":0,"473":0,"474":0,"475":0,"476":1,"477":0,"478":0,"479":0,"480":0,"481":0,"482":1,"483":0,"484":0,"485":0,"486":0,"487":0,"488":0,"489":1,"490":0,"491":0,"492":0,"493":0,"494":0,"495":1,"496":0,"497":0,"498":0,"499":0,"500":0,"501":0,"502":1,"503":0,"504":0,"505":0,"506":0,"507":0,"508":0,"509":0,"510":0,"511":0,"512":0,"513":0,"514":0,"515":0,"516":0,"517":0,"518":0,"519":0,"520":0,"521":0,"522":0,"523":0,"524":1,"525":0,"526":0,"527":0,"528":0,"529":0,"530":0,"531":0,"532":0,"533":0,"534":0,"535":0,"536":0,"537":0,"538":0,"539":0,"540":0,"541":0,"542":0,"543":0,"544":0,"545":0,"546":0,"547":0,"548":0,"549":0,"550":0,"551":0,"552":0,"553":0,"554":0,"555":0,"556":0,"557":0,"558":0,"559":0,"560":0,"561":0,"562":0,"563":0,"564":0,"565":0,"566":0,"567":0,"568":1,"569":0,"570":0,"571":0,"572":0,"573":0,"574":0,"575":0,"576":0,"577":0,"578":0,"579":0,"580":0,"581":0,"582":0,"583":0,"584":0,"585":0,"586":0,"587":0,"588":0,"589":0,"590":0,"591":0,"592":0,"593":0,"594":0,"595":0,"596":1,"597":0,"598":0,"599":0,"600":0,"601":0,"602":0,"603":1,"604":0,"605":0,"606":0,"607":0,"608":0,"609":0,"610":0,"611":0,"612":0,"613":0,"614":0,"615":1,"616":0,"617":0,"618":0,"619":0,"620":0,"621":0,"622":0,"623":0,"624":0,"625":0,"626":0,"627":0,"628":0,"629":0,"630":0,"631":0,"632":0,"633":0,"634":0,"635":1,"636":0,"637":0,"638":0,"639":0,"640":0,"641":0,"642":0,"643":0,"644":0,"645":0,"646":0,"647":0,"648":0,"649":1,"650":0,"651":0,"652":0,"653":0,"654":0,"655":0,"656":0,"657":1,"658":0,"659":0,"660":0,"661":0,"662":0,"663":0,"664":0,"665":1,"666":0,"667":0,"668":0,"669":0,"670":0,"671":0,"672":0,"673":0,"674":0,"675":0,"676":0,"677":0,"678":0,"679":0,"680":0,"681":0,"682":0,"683":0,"684":0,"685":0,"686":0,"687":0,"688":0,"689":0,"690":0,"691":0,"692":0,"693":0,"694":0,"695":0,"696":0,"697":0,"698":0,"699":0,"700":0,"701":0,"702":0,"703":0,"704":0,"705":0,"706":0,"707":0,"708":0,"709":0,"710":0,"711":1,"712":0,"713":0,"714":0,"715":0,"716":1,"717":0,"718":0,"719":0,"720":0,"721":1,"722":0,"723":0,"724":0,"725":0,"726":0,"727":0,"728":0,"729":0,"730":0,"731":1,"732":0,"733":0,"734":0,"735":0,"736":0,"737":0,"738":0,"739":0,"740":0,"741":0,"742":0,"743":0,"744":0,"745":0,"746":0,"747":0,"748":0,"749":0,"750":0,"751":0,"752":0,"753":0,"754":0,"755":0,"756":0,"757":0,"758":0,"759":1,"760":0,"761":0,"762":0,"763":0,"764":0,"765":0,"766":0,"767":0,"768":0,"769":1,"770":0,"771":0,"772":0,"773":0,"774":0,"775":0,"776":0,"777":0,"778":0,"779":0,"780":0,"781":0,"782":0,"783":0,"784":0,"785":0,"786":0,"787":0,"788":0,"789":0,"790":0,"791":0,"792":0,"793":0,"794":0,"795":0,"796":1,"797":0,"798":0,"799":0,"800":0,"801":0,"802":0,"803":0,"804":0,"805":0,"806":0,"807":1,"808":0,"809":0,"810":0,"811":0,"812":0,"813":0,"814":0,"815":0,"816":0,"817":0,"818":0,"819":0,"820":0,"821":0,"822":0,"823":0,"824":1,"825":0,"826":0,"827":0,"828":0,"829":0,"830":0,"831":0,"832":0,"833":0,"834":0,"835":1,"836":0,"837":0,"838":0,"839":0,"840":1,"841":1,"842":0,"843":0,"844":0,"845":0,"846":0,"847":0,"848":0,"849":0,"850":1,"851":0,"852":0,"853":0,"854":1,"855":1,"856":1,"857":1},"f":{"0":1,"1":0,"2":0,"3":0,"4":0,"5":0,"6":0,"7":0,"8":0,"9":0,"10":0,"11":0,"12":0,"13":0,"14":0,"15":0,"16":0,"17":0,"18":0,"19":0,"20":0,"21":0,"22":0,"23":0,"24":0,"25":0,"26":0,"27":0,"28":0,"29":0,"30":0,"31":0,"32":0,"33":0,"34":0,"35":0,"36":0,"37":0,"38":0,"39":0,"40":0,"41":0,"42":0,"43":0,"44":0,"45":0,"46":0,"47":0,"48":0,"49":0,"50":0,"51":0,"52":0,"53":0,"54":0,"55":0,"56":0,"57":0,"58":0,"59":0,"60":0,"61":0,"62":0,"63":0,"64":0,"65":0,"66":0,"67":0,"68":0,"69":0,"70":0,"71":0,"72":0,"73":0,"74":0,"75":0,"76":0,"77":0,"78":0,"79":0,"80":0,"81":0,"82":0,"83":0,"84":0,"85":0,"86":0,"87":0,"88":0,"89":0,"90":0,"91":0,"92":0,"93":0,"94":0,"95":0,"96":0,"97":0,"98":0,"99":0,"100":0,"101":0,"102":0,"103":0,"104":0,"105":0,"106":0,"107":0,"108":0,"109":0,"110":0,"111":0,"112":0,"113":0,"114":0,"115":0,"116":0,"117":0,"118":0,"119":0,"120":0,"121":0,"122":0,"123":0,"124":0,"125":0,"126":0,"127":0,"128":0,"129":0,"130":0,"131":0,"132":0,"133":0,"134":0,"135":0,"136":0,"137":0,"138":0,"139":0,"140":0,"141":0,"142":0,"143":0,"144":0,"145":0,"146":0,"147":0,"148":0,"149":0,"150":0,"151":0,"152":0,"153":0,"154":0,"155":0,"156":0,"157":0,"158":0,"159":0,"160":0,"161":0,"162":0,"163":0,"164":0,"165":0,"166":0,"167":0,"168":0,"169":0,"170":0,"171":0,"172":0,"173":0,"174":0,"175":0,"176":0,"177":0,"178":0,"179":0,"180":0,"181":0,"182":0,"183":0,"184":0,"185":0,"186":0,"187":0,"188":0,"189":0,"190":0,"191":1},"b":{"0":[1,1],"1":[0,1],"2":[1,1],"3":[0,0],"4":[0,0],"5":[0,0],"6":[0,0],"7":[0,0],"8":[0,0],"9":[0,0],"10":[0,0],"11":[0,0],"12":[0,0],"13":[0,0],"14":[0,0],"15":[0,0],"16":[0,0],"17":[0,0],"18":[0,0],"19":[0,0],"20":[0,0],"21":[0,0],"22":[0,0],"23":[0,0],"24":[0,0],"25":[0,0],"26":[0,0],"27":[0,0],"28":[0,0,0],"29":[0,0],"30":[0,0],"31":[0,0],"32":[0,0],"33":[0,0],"34":[0,0],"35":[0,0],"36":[0,0],"37":[0,0],"38":[0,0],"39":[0,0],"40":[0,0],"41":[0,0],"42":[0,0],"43":[0,0],"44":[0,0],"45":[0,0],"46":[0,0],"47":[0,0,0,0],"48":[0,0],"49":[0,0],"50":[0,0],"51":[0,0],"52":[0,0],"53":[0,0],"54":[0,0],"55":[0,0],"56":[0,0],"57":[0,0],"58":[0,0],"59":[0,0],"60":[0,0],"61":[0,0],"62":[0,0],"63":[0,0],"64":[0,0],"65":[0,0],"66":[0,0],"67":[0,0],"68":[0,0],"69":[0,0,0,0],"70":[0,0],"71":[0,0],"72":[0,0],"73":[0,0],"74":[0,0],"75":[0,0],"76":[0,0],"77":[0,0],"78":[0,0],"79":[0,0],"80":[0,0],"81":[0,0],"82":[0,0],"83":[0,0],"84":[0,0],"85":[0,0],"86":[0,0],"87":[0,0],"88":[0,0],"89":[0,0],"90":[0,0],"91":[0,0],"92":[0,0],"93":[0,0],"94":[0,0],"95":[0,0],"96":[0,0],"97":[0,0],"98":[0,0],"99":[0,0],"100":[0,0],"101":[0,0],"102":[0,0],"103":[0,0],"104":[0,0],"105":[0,0],"106":[0,0],"107":[0,0],"108":[0,0],"109":[0,0],"110":[0,0],"111":[0,0],"112":[0,0],"113":[0,0],"114":[0,0],"115":[0,0],"116":[0,0],"117":[0,0],"118":[0,0],"119":[0,0],"120":[0,0],"121":[0,0],"122":[0,0],"123":[0,0],"124":[0,0],"125":[0,0],"126":[0,0],"127":[0,0],"128":[0,0],"129":[0,0],"130":[0,0],"131":[0,0,0,0],"132":[0,0,0,0],"133":[0,0],"134":[0,0],"135":[0,0],"136":[0,0],"137":[0,0],"138":[0,0,0],"139":[0,0],"140":[0,0,0,0],"141":[0,0],"142":[0,0],"143":[0,0],"144":[0,0],"145":[0,0],"146":[0,0],"147":[0,0],"148":[0,0],"149":[0,0,0],"150":[0,0],"151":[0,0],"152":[0,0],"153":[0,0],"154":[0,0],"155":[0,0],"156":[0,0],"157":[0,0],"158":[0,0],"159":[0,0],"160":[0,0],"161":[0,0],"162":[0,0],"163":[0,0],"164":[1,1]},"_coverageSchema":"1a1c01bbd47fc00a2c39e90264f33305004495a9","hash":"e9acdaefd03d148bf89dbc2738df7efaa1b235eb","contentHash":"d865efe0b6ce34fc202631f640f745e5ceb588ecc3ff69c0a4106cb805b22814"}}