TN:
SF:src\js\login.js
FN:1,handleLogin
FNF:1
FNH:1
FNDA:2,handleLogin
DA:2,2
DA:4,2
DA:5,2
DA:7,2
DA:8,2
DA:14,1
DA:16,1
DA:17,1
DA:21,0
DA:23,2
DA:27,1
LF:11
LH:10
BRDA:16,0,0,1
BRDA:16,0,1,0
BRF:2
BRH:1
end_of_record
TN:
SF:src\js\mealCredit.js
FN:23,formatDate
FN:28,createTransactionHTML
FN:45,renderTransactions
FN:52,updateDOM
FNF:4
FNH:4
FNDA:23,formatDate
FNDA:22,createTransactionHTML
FNDA:5,renderTransactions
FNDA:3,updateDOM
DA:1,1
DA:24,23
DA:25,23
DA:29,22
DA:47,5
DA:49,5
DA:53,3
DA:54,3
DA:55,3
DA:56,1
DA:62,1
DA:63,1
DA:64,1
DA:67,1
LF:14
LH:14
BRDA:36,0,0,1
BRDA:36,0,1,21
BRDA:37,1,0,1
BRDA:37,1,1,21
BRDA:53,2,0,3
BRDA:53,2,1,0
BRDA:55,3,0,1
BRDA:55,3,1,2
BRDA:62,4,0,1
BRDA:62,4,1,0
BRDA:62,5,0,1
BRDA:62,5,1,1
BRF:12
BRH:10
end_of_record
TN:
SF:src\js\signup.js
FN:1,handleSignup
FNF:1
FNH:1
FNDA:3,handleSignup
DA:2,3
DA:4,3
DA:5,3
DA:7,3
DA:8,1
DA:9,1
DA:12,2
DA:13,2
DA:15,2
DA:16,2
DA:22,1
DA:24,1
DA:25,1
DA:29,0
DA:31,2
DA:35,1
LF:16
LH:15
BRDA:7,0,0,1
BRDA:7,0,1,2
BRDA:24,1,0,1
BRDA:24,1,1,0
BRF:4
BRH:3
end_of_record
TN:
SF:src\js\transactionHistory.js
FN:22,formatDate
FN:27,filterTransactions
FN:47,(anonymous_2)
FN:51,(anonymous_3)
FN:54,formatAmount
FN:59,createTransactionHTML
FN:75,renderTransactions
FN:84,(anonymous_7)
FN:97,(anonymous_8)
FN:102,(anonymous_9)
FN:103,(anonymous_10)
FN:104,(anonymous_11)
FNF:12
FNH:8
FNDA:12,formatDate
FNDA:4,filterTransactions
FNDA:64,(anonymous_2)
FNDA:30,(anonymous_3)
FNDA:19,formatAmount
FNDA:17,createTransactionHTML
FNDA:1,renderTransactions
FNDA:16,(anonymous_7)
FNDA:0,(anonymous_8)
FNDA:0,(anonymous_9)
FNDA:0,(anonymous_10)
FNDA:0,(anonymous_11)
DA:1,1
DA:23,12
DA:24,12
DA:28,4
DA:29,4
DA:31,4
DA:33,2
DA:34,2
DA:36,1
DA:37,1
DA:38,1
DA:40,1
DA:41,1
DA:42,1
DA:43,1
DA:46,4
DA:48,64
DA:49,64
DA:51,30
DA:55,19
DA:56,19
DA:60,17
DA:76,1
DA:78,1
DA:79,0
DA:82,1
DA:83,1
DA:84,1
DA:85,16
DA:86,11
DA:87,11
DA:89,16
DA:92,1
DA:96,1
DA:97,1
DA:98,0
DA:99,0
DA:101,0
DA:102,0
DA:103,0
DA:104,0
DA:105,0
DA:106,0
DA:112,1
LF:44
LH:35
BRDA:31,0,0,2
BRDA:31,0,1,1
BRDA:31,0,2,1
BRDA:49,1,0,64
BRDA:49,1,1,32
BRDA:56,2,0,3
BRDA:56,2,1,16
BRDA:67,3,0,2
BRDA:67,3,1,15
BRDA:78,4,0,0
BRDA:78,4,1,1
BRDA:85,5,0,11
BRDA:85,5,1,5
BRDA:96,6,0,1
BRDA:96,6,1,0
BRF:15
BRH:13
end_of_record
TN:
SF:src\js\userDashboard.js
FN:1,(anonymous_0)
FN:3,(anonymous_1)
FN:4,(anonymous_2)
FN:11,(anonymous_3)
FN:14,navigate
FNF:5
FNH:0
FNDA:0,(anonymous_0)
FNDA:0,(anonymous_1)
FNDA:0,(anonymous_2)
FNDA:0,(anonymous_3)
FNDA:0,navigate
DA:1,1
DA:2,0
DA:3,0
DA:5,0
DA:6,0
DA:8,0
DA:11,0
DA:15,0
DA:18,1
LF:9
LH:2
BRDA:5,0,0,0
BRDA:5,0,1,0
BRF:2
BRH:0
end_of_record
