TN:
SF:src\js\cart.js
FN:1,(anonymous_0)
FN:20,(anonymous_1)
FN:25,(anonymous_2)
FN:31,(anonymous_3)
FN:36,(anonymous_4)
FN:42,(anonymous_5)
FN:51,fetchCartItems
FN:53,(anonymous_7)
FN:61,(anonymous_8)
FN:65,(anonymous_9)
FN:68,displayCartItems
FN:72,(anonymous_11)
FN:97,(anonymous_12)
FN:98,(anonymous_13)
FN:104,confirmReservation
FN:106,(anonymous_15)
FN:114,(anonymous_16)
FN:115,(anonymous_17)
FN:147,(anonymous_18)
FN:154,(anonymous_19)
FN:161,(anonymous_20)
FN:164,(anonymous_21)
FN:180,(anonymous_22)
FN:183,(anonymous_23)
FN:188,(anonymous_24)
FN:193,(anonymous_25)
FN:200,showToast
FN:214,(anonymous_27)
FN:217,(anonymous_28)
FN:223,replaceReservation
FN:227,(anonymous_30)
FN:241,(anonymous_31)
FN:250,(anonymous_32)
FN:258,(anonymous_33)
FN:262,(anonymous_34)
FN:267,(anonymous_35)
FN:270,(anonymous_36)
FN:280,removeItem
FN:282,(anonymous_38)
FN:293,(anonymous_39)
FN:296,(anonymous_40)
FNF:41
FNH:12
FNDA:0,(anonymous_0)
FNDA:0,(anonymous_1)
FNDA:0,(anonymous_2)
FNDA:0,(anonymous_3)
FNDA:0,(anonymous_4)
FNDA:0,(anonymous_5)
FNDA:3,fetchCartItems
FNDA:3,(anonymous_7)
FNDA:1,(anonymous_8)
FNDA:3,(anonymous_9)
FNDA:3,displayCartItems
FNDA:3,(anonymous_11)
FNDA:3,(anonymous_12)
FNDA:0,(anonymous_13)
FNDA:0,confirmReservation
FNDA:0,(anonymous_15)
FNDA:0,(anonymous_16)
FNDA:0,(anonymous_17)
FNDA:0,(anonymous_18)
FNDA:0,(anonymous_19)
FNDA:0,(anonymous_20)
FNDA:0,(anonymous_21)
FNDA:0,(anonymous_22)
FNDA:0,(anonymous_23)
FNDA:0,(anonymous_24)
FNDA:0,(anonymous_25)
FNDA:1,showToast
FNDA:1,(anonymous_27)
FNDA:0,(anonymous_28)
FNDA:0,replaceReservation
FNDA:0,(anonymous_30)
FNDA:0,(anonymous_31)
FNDA:0,(anonymous_32)
FNDA:0,(anonymous_33)
FNDA:0,(anonymous_34)
FNDA:0,(anonymous_35)
FNDA:0,(anonymous_36)
FNDA:2,removeItem
FNDA:2,(anonymous_38)
FNDA:2,(anonymous_39)
FNDA:0,(anonymous_40)
DA:1,1
DA:3,0
DA:6,0
DA:7,0
DA:8,0
DA:9,0
DA:12,0
DA:13,0
DA:14,0
DA:16,0
DA:17,0
DA:20,0
DA:21,0
DA:25,0
DA:26,0
DA:27,0
DA:31,0
DA:32,0
DA:36,0
DA:37,0
DA:38,0
DA:42,0
DA:43,0
DA:44,0
DA:49,1
DA:52,3
DA:54,3
DA:56,0
DA:57,0
DA:59,3
DA:62,1
DA:63,1
DA:65,3
DA:69,3
DA:70,3
DA:72,3
DA:73,3
DA:79,3
DA:80,3
DA:81,3
DA:93,3
DA:97,2
DA:98,3
DA:99,0
DA:105,0
DA:107,0
DA:109,0
DA:110,0
DA:112,0
DA:115,0
DA:118,0
DA:120,0
DA:121,0
DA:122,0
DA:124,0
DA:125,0
DA:126,0
DA:128,0
DA:129,0
DA:130,0
DA:132,0
DA:133,0
DA:136,0
DA:147,0
DA:149,0
DA:155,0
DA:157,0
DA:158,0
DA:160,0
DA:161,0
DA:162,0
DA:163,0
DA:164,0
DA:165,0
DA:169,0
DA:170,0
DA:172,0
DA:175,0
DA:176,0
DA:178,0
DA:181,0
DA:182,0
DA:183,0
DA:184,0
DA:189,0
DA:190,0
DA:194,0
DA:195,0
DA:201,1
DA:202,1
DA:203,1
DA:204,1
DA:207,1
DA:210,1
DA:211,1
DA:214,1
DA:215,1
DA:216,1
DA:217,1
DA:218,0
DA:224,0
DA:227,0
DA:229,0
DA:230,0
DA:231,0
DA:232,0
DA:236,0
DA:242,0
DA:243,0
DA:245,0
DA:246,0
DA:248,0
DA:249,0
DA:250,0
DA:251,0
DA:254,0
DA:256,0
DA:259,0
DA:260,0
DA:262,0
DA:264,0
DA:268,0
DA:271,0
DA:272,0
DA:273,0
DA:275,0
DA:281,2
DA:283,2
DA:285,0
DA:286,0
DA:288,2
DA:289,0
DA:291,2
DA:294,2
DA:297,0
DA:298,0
DA:302,1
LF:137
LH:35
BRDA:54,0,0,0
BRDA:54,0,1,3
BRDA:107,1,0,0
BRDA:107,1,1,0
BRDA:118,2,0,0
BRDA:118,2,1,0
BRDA:118,2,2,0
BRDA:118,2,3,0
BRDA:155,3,0,0
BRDA:155,3,1,0
BRDA:160,4,0,0
BRDA:160,4,1,0
BRDA:165,5,0,0
BRDA:165,5,1,0
BRDA:169,6,0,0
BRDA:169,6,1,0
BRDA:175,7,0,0
BRDA:175,7,1,0
BRDA:181,8,0,0
BRDA:181,8,1,0
BRDA:181,9,0,0
BRDA:181,9,1,0
BRDA:200,10,0,0
BRDA:229,11,0,0
BRDA:229,11,1,0
BRDA:243,12,0,0
BRDA:243,12,1,0
BRDA:248,13,0,0
BRDA:248,13,1,0
BRDA:249,14,0,0
BRDA:249,14,1,0
BRDA:260,15,0,0
BRDA:260,15,1,0
BRDA:272,16,0,0
BRDA:272,16,1,0
BRDA:283,17,0,0
BRDA:283,17,1,2
BRDA:288,18,0,0
BRDA:288,18,1,2
BRF:39
BRH:3
end_of_record
TN:
SF:src\js\reservations.js
FN:1,(anonymous_0)
FN:14,(anonymous_1)
FN:18,(anonymous_2)
FN:24,(anonymous_3)
FN:29,(anonymous_4)
FN:34,(anonymous_5)
FN:45,(anonymous_6)
FN:51,(anonymous_7)
FN:58,(anonymous_8)
FN:67,fetchReservations
FN:78,(anonymous_10)
FN:89,(anonymous_11)
FN:96,(anonymous_12)
FN:99,(anonymous_13)
FN:105,formatDateToISO
FN:109,formatDate
FN:130,formatTime
FN:142,displayReservations
FN:159,(anonymous_18)
FN:164,(anonymous_19)
FN:170,(anonymous_20)
FN:179,groupReservationsByDay
FN:180,(anonymous_22)
FN:190,createReservationElement
FN:220,viewReservationDetails
FN:224,(anonymous_25)
FN:235,(anonymous_26)
FN:238,(anonymous_27)
FN:244,adjustToTimeZone
FN:263,displayReservationDetails
FN:299,deleteReservation
FN:304,(anonymous_31)
FN:315,(anonymous_32)
FN:321,(anonymous_33)
FN:358,getDirections
FN:373,getMealType
FN:382,calculateCost
FNF:37
FNH:3
FNDA:0,(anonymous_0)
FNDA:0,(anonymous_1)
FNDA:0,(anonymous_2)
FNDA:0,(anonymous_3)
FNDA:0,(anonymous_4)
FNDA:0,(anonymous_5)
FNDA:0,(anonymous_6)
FNDA:0,(anonymous_7)
FNDA:0,(anonymous_8)
FNDA:0,fetchReservations
FNDA:0,(anonymous_10)
FNDA:0,(anonymous_11)
FNDA:0,(anonymous_12)
FNDA:0,(anonymous_13)
FNDA:0,formatDateToISO
FNDA:0,formatDate
FNDA:0,formatTime
FNDA:0,displayReservations
FNDA:0,(anonymous_18)
FNDA:0,(anonymous_19)
FNDA:0,(anonymous_20)
FNDA:1,groupReservationsByDay
FNDA:2,(anonymous_22)
FNDA:0,createReservationElement
FNDA:0,viewReservationDetails
FNDA:0,(anonymous_25)
FNDA:0,(anonymous_26)
FNDA:0,(anonymous_27)
FNDA:0,adjustToTimeZone
FNDA:0,displayReservationDetails
FNDA:1,deleteReservation
FNDA:0,(anonymous_31)
FNDA:0,(anonymous_32)
FNDA:0,(anonymous_33)
FNDA:0,getDirections
FNDA:0,getMealType
FNDA:0,calculateCost
DA:1,1
DA:2,0
DA:4,0
DA:5,0
DA:6,0
DA:8,0
DA:9,0
DA:10,0
DA:12,0
DA:14,0
DA:15,0
DA:18,0
DA:19,0
DA:20,0
DA:24,0
DA:25,0
DA:29,0
DA:30,0
DA:31,0
DA:35,0
DA:37,0
DA:38,0
DA:40,0
DA:41,0
DA:43,0
DA:46,0
DA:47,0
DA:48,0
DA:49,0
DA:52,0
DA:53,0
DA:58,0
DA:59,0
DA:60,0
DA:61,0
DA:68,0
DA:69,0
DA:71,0
DA:72,0
DA:74,0
DA:75,0
DA:77,0
DA:79,0
DA:81,0
DA:82,0
DA:84,0
DA:85,0
DA:87,0
DA:90,0
DA:91,0
DA:92,0
DA:96,0
DA:97,0
DA:100,0
DA:101,0
DA:106,0
DA:110,0
DA:113,0
DA:115,0
DA:116,0
DA:119,0
DA:127,0
DA:131,0
DA:132,0
DA:133,0
DA:134,0
DA:143,0
DA:144,0
DA:145,0
DA:148,0
DA:149,0
DA:151,0
DA:152,0
DA:153,0
DA:156,0
DA:159,0
DA:160,0
DA:164,0
DA:165,0
DA:166,0
DA:168,0
DA:170,0
DA:171,0
DA:172,0
DA:175,0
DA:180,1
DA:181,2
DA:182,2
DA:183,1
DA:185,2
DA:186,2
DA:191,0
DA:192,0
DA:194,0
DA:195,0
DA:197,0
DA:203,0
DA:215,0
DA:217,0
DA:221,0
DA:223,0
DA:225,0
DA:227,0
DA:228,0
DA:230,0
DA:231,0
DA:233,0
DA:236,0
DA:239,0
DA:240,0
DA:246,0
DA:249,0
DA:252,0
DA:260,0
DA:264,0
DA:265,0
DA:267,0
DA:269,0
DA:271,0
DA:272,0
DA:273,0
DA:274,0
DA:277,0
DA:283,0
DA:293,0
DA:295,0
DA:300,1
DA:301,0
DA:305,0
DA:307,0
DA:308,0
DA:310,0
DA:311,0
DA:313,0
DA:316,0
DA:318,0
DA:319,0
DA:322,0
DA:323,0
DA:359,0
DA:360,0
DA:374,0
DA:379,0
DA:383,0
DA:384,0
DA:389,0
DA:392,1
LF:147
LH:9
BRDA:30,0,0,0
BRDA:30,0,1,0
BRDA:35,1,0,0
BRDA:35,1,1,0
BRDA:40,2,0,0
BRDA:40,2,1,0
BRDA:59,3,0,0
BRDA:59,3,1,0
BRDA:59,4,0,0
BRDA:59,4,1,0
BRDA:79,5,0,0
BRDA:79,5,1,0
BRDA:84,6,0,0
BRDA:84,6,1,0
BRDA:91,7,0,0
BRDA:91,7,1,0
BRDA:110,8,0,0
BRDA:110,8,1,0
BRDA:115,9,0,0
BRDA:115,9,1,0
BRDA:143,10,0,0
BRDA:143,10,1,0
BRDA:151,11,0,0
BRDA:151,11,1,0
BRDA:182,12,0,1
BRDA:182,12,1,1
BRDA:225,13,0,0
BRDA:225,13,1,0
BRDA:230,14,0,0
BRDA:230,14,1,0
BRDA:300,15,0,0
BRDA:300,15,1,1
BRDA:305,16,0,0
BRDA:305,16,1,0
BRDA:310,17,0,0
BRDA:310,17,1,0
BRDA:379,18,0,0
BRDA:379,18,1,0
BRDA:389,19,0,0
BRDA:389,19,1,0
BRF:40
BRH:3
end_of_record
